<?xml version="1.0" encoding="UTF-8"?>
<testsuite xmlns:xsi="http://www.w3.org/2001/XMLSchema-instance" xsi:noNamespaceSchemaLocation="https://maven.apache.org/surefire/maven-surefire-plugin/xsd/surefire-test-report-3.0.xsd" version="3.0" name="com.gestorusuario.usuarios.repository.PerfilRepositoryTest" time="5.677" tests="2" errors="0" skipped="0" failures="0">
  <properties>
[...]
</properties>
  <testcase name="eliminarPerfilTest" classname="com.gestorusuario.usuarios.repository.PerfilRepositoryTest" time="0.204">
    <system-out><![CDATA[2024-04-23T21:05:25.133-04:00 DEBUG 6056 --- [usuarios] [           main] b.t.a.o.j.DataJpaTestContextBootstrapper : Neither @ContextConfiguration nor @ContextHierarchy found for test class [PerfilRepositoryTest]: using SpringBootContextLoader
2024-04-23T21:05:25.135-04:00 DEBUG 6056 --- [usuarios] [           main] o.s.t.c.support.AbstractContextLoader    : Could not detect default resource locations for test class [com.gestorusuario.usuarios.repository.PerfilRepositoryTest]: no resource found for suffixes {-context.xml, Context.groovy}.
2024-04-23T21:05:25.135-04:00  INFO 6056 --- [usuarios] [           main] t.c.s.AnnotationConfigContextLoaderUtils : Could not detect default configuration classes for test class [com.gestorusuario.usuarios.repository.PerfilRepositoryTest]: PerfilRepositoryTest does not declare any static, non-private, non-final, nested classes annotated with @Configuration.
2024-04-23T21:05:25.138-04:00 DEBUG 6056 --- [usuarios] [           main] b.t.a.o.j.DataJpaTestContextBootstrapper : Using ContextCustomizerFactory implementations for test class [PerfilRepositoryTest]: [ImportsContextCustomizerFactory, ExcludeFilterContextCustomizerFactory, HttpGraphQlTesterContextCustomizerFactory, DuplicateJsonObjectContextCustomizerFactory, MockitoContextCustomizerFactory, TestRestTemplateContextCustomizerFactory, WebTestClientContextCustomizerFactory, OverrideAutoConfigurationContextCustomizerFactory, ObservabilityContextCustomizerFactory, TypeExcludeFiltersContextCustomizerFactory, PropertyMappingContextCustomizerFactory, WebDriverContextCustomizerFactory, MockServerContainerContextCustomizerFactory, DynamicPropertiesContextCustomizerFactory]
2024-04-23T21:05:25.183-04:00 DEBUG 6056 --- [usuarios] [           main] b.t.a.o.j.DataJpaTestContextBootstrapper : Using ContextCustomizers for test class [PerfilRepositoryTest]: [ImportsContextCustomizer, ExcludeFilterContextCustomizer, DuplicateJsonObjectContextCustomizer, MockitoContextCustomizer, DisableAutoConfigurationContextCustomizer, DisableObservabilityContextCustomizer, TypeExcludeFiltersContextCustomizer, PropertyMappingContextCustomizer, WebDriverContextCustomizer]
2024-04-23T21:05:25.211-04:00 DEBUG 6056 --- [usuarios] [           main] ssPathScanningCandidateComponentProvider : Identified candidate component class: file [C:\Springboot\Semana8\usuarios\target\classes\com\gestorusuario\usuarios\UsuariosApplication.class]
2024-04-23T21:05:25.213-04:00  INFO 6056 --- [usuarios] [           main] .b.t.c.SpringBootTestContextBootstrapper : Found @SpringBootConfiguration com.gestorusuario.usuarios.UsuariosApplication for test class com.gestorusuario.usuarios.repository.PerfilRepositoryTest
2024-04-23T21:05:25.214-04:00 DEBUG 6056 --- [usuarios] [           main] .s.t.c.u.TestContextSpringFactoriesUtils : Skipping candidate TestExecutionListener [org.springframework.test.context.observation.MicrometerObservationRegistryTestExecutionListener] due to a missing dependency. Specify custom TestExecutionListener classes or make the default TestExecutionListener classes and their required dependencies available. Offending class: io.micrometer.context.ThreadLocalAccessor. MicrometerObservationRegistryTestExecutionListener requires io.micrometer:micrometer-observation:1.10.8 or higher and io.micrometer:context-propagation:1.0.3 or higher.
2024-04-23T21:05:25.215-04:00 DEBUG 6056 --- [usuarios] [           main] b.t.a.o.j.DataJpaTestContextBootstrapper : Using TestExecutionListeners for test class [PerfilRepositoryTest]: [ServletTestExecutionListener, DirtiesContextBeforeModesTestExecutionListener, ApplicationEventsTestExecutionListener, MockitoTestExecutionListener, DependencyInjectionTestExecutionListener, DirtiesContextTestExecutionListener, TransactionalTestExecutionListener, SqlScriptsTestExecutionListener, EventPublishingTestExecutionListener, ResetMocksTestExecutionListener, RestDocsTestExecutionListener, MockRestServiceServerResetTestExecutionListener, MockMvcPrintOnlyOnFailureTestExecutionListener, WebDriverTestExecutionListener, MockWebServiceServerTestExecutionListener]
2024-04-23T21:05:25.215-04:00 DEBUG 6056 --- [usuarios] [           main] sContextBeforeModesTestExecutionListener : Before test class: class [PerfilRepositoryTest], class annotated with @DirtiesContext [false] with mode [null]
2024-04-23T21:05:25.216-04:00 DEBUG 6056 --- [usuarios] [           main] DependencyInjectionTestExecutionListener : Performing dependency injection for test class com.gestorusuario.usuarios.repository.PerfilRepositoryTest
2024-04-23T21:05:25.219-04:00  INFO 6056 --- [usuarios] [           main] o.s.b.d.r.RestartApplicationListener     : Restart disabled due to context in which it is running
2024-04-23T21:05:25.252-04:00 DEBUG 6056 --- [usuarios] [           main] o.s.boot.ApplicationEnvironment          : Activating profiles []
2024-04-23T21:05:25.258-04:00 DEBUG 6056 --- [usuarios] [           main] o.s.c.e.PropertySourcesPropertyResolver  : Found key 'spring.application.name' in PropertySource 'configurationProperties' with value of type String

  .   ____          _            __ _ _
 /\\ / ___'_ __ _ _(_)_ __  __ _ \ \ \ \
( ( )\___ | '_ | '_| | '_ \/ _` | \ \ \ \
 \\/  ___)| |_)| | | | | || (_| |  ) ) ) )
  '  |____| .__|_| |_|_| |_\__, | / / / /
 =========|_|==============|___/=/_/_/_/
 :: Spring Boot ::                (v3.2.4)

2024-04-23T21:05:25.273-04:00  INFO 6056 --- [usuarios] [           main] c.g.u.repository.PerfilRepositoryTest    : Starting PerfilRepositoryTest using Java 21.0.2 with PID 6056 (started by dario in C:\Springboot\Semana8\usuarios)
2024-04-23T21:05:25.274-04:00  INFO 6056 --- [usuarios] [           main] c.g.u.repository.PerfilRepositoryTest    : No active profile set, falling back to 1 default profile: "default"
2024-04-23T21:05:25.274-04:00 DEBUG 6056 --- [usuarios] [           main] o.s.boot.SpringApplication               : Loading source class com.gestorusuario.usuarios.UsuariosApplication
2024-04-23T21:05:25.276-04:00 DEBUG 6056 --- [usuarios] [           main] s.c.a.AnnotationConfigApplicationContext : Refreshing org.springframework.context.annotation.AnnotationConfigApplicationContext@7827d7b
2024-04-23T21:05:25.278-04:00 DEBUG 6056 --- [usuarios] [           main] o.s.b.f.s.DefaultListableBeanFactory     : Creating shared instance of singleton bean 'org.springframework.context.annotation.internalConfigurationAnnotationProcessor'
2024-04-23T21:05:25.279-04:00 DEBUG 6056 --- [usuarios] [           main] o.s.b.f.s.DefaultListableBeanFactory     : Creating shared instance of singleton bean 'org.springframework.boot.autoconfigure.internalCachingMetadataReaderFactory'
2024-04-23T21:05:25.621-04:00  INFO 6056 --- [usuarios] [           main] .s.d.r.c.RepositoryConfigurationDelegate : Bootstrapping Spring Data JPA repositories in DEFAULT mode.
2024-04-23T21:05:25.649-04:00 DEBUG 6056 --- [usuarios] [           main] o.s.b.f.s.DefaultListableBeanFactory     : Creating shared instance of singleton bean 'org.springframework.boot.autoconfigure.AutoConfigurationPackages'
2024-04-23T21:05:25.650-04:00 DEBUG 6056 --- [usuarios] [           main] o.s.b.a.AutoConfigurationPackages        : @EnableAutoConfiguration was declared on a class in the package 'com.gestorusuario.usuarios'. Automatic @Repository and @Entity scanning is enabled.
2024-04-23T21:05:25.650-04:00 DEBUG 6056 --- [usuarios] [           main] .s.d.r.c.RepositoryConfigurationDelegate : Scanning for JPA repositories in packages com.gestorusuario.usuarios.
2024-04-23T21:05:25.661-04:00 DEBUG 6056 --- [usuarios] [           main] o.s.d.r.c.RepositoryComponentProvider    : Identified candidate component class: file [C:\Springboot\Semana8\usuarios\target\classes\com\gestorusuario\usuarios\repository\PerfilRepository.class]
2024-04-23T21:05:25.661-04:00 DEBUG 6056 --- [usuarios] [           main] o.s.d.r.c.RepositoryComponentProvider    : Identified candidate component class: file [C:\Springboot\Semana8\usuarios\target\classes\com\gestorusuario\usuarios\repository\UsuarioRepository.class]
2024-04-23T21:05:25.688-04:00 DEBUG 6056 --- [usuarios] [           main] ssPathScanningCandidateComponentProvider : Identified candidate component class: file [C:\Springboot\Semana8\usuarios\target\classes\com\gestorusuario\usuarios\service\PerfilServiceImpl.class]
2024-04-23T21:05:25.688-04:00 DEBUG 6056 --- [usuarios] [           main] ssPathScanningCandidateComponentProvider : Identified candidate component class: file [C:\Springboot\Semana8\usuarios\target\classes\com\gestorusuario\usuarios\service\UsuarioServiceImpl.class]
2024-04-23T21:05:25.708-04:00  INFO 6056 --- [usuarios] [           main] .s.d.r.c.RepositoryConfigurationDelegate : Finished Spring Data repository scanning in 56 ms. Found 2 JPA repository interfaces.
2024-04-23T21:05:25.795-04:00 DEBUG 6056 --- [usuarios] [           main] o.s.b.f.s.DefaultListableBeanFactory     : Creating shared instance of singleton bean 'org.springframework.boot.test.context.ImportsContextCustomizer$ImportsCleanupPostProcessor'
2024-04-23T21:05:25.796-04:00 DEBUG 6056 --- [usuarios] [           main] o.s.b.f.s.DefaultListableBeanFactory     : Creating shared instance of singleton bean 'org.springframework.boot.test.mock.mockito.MockitoPostProcessor'
2024-04-23T21:05:25.796-04:00 DEBUG 6056 --- [usuarios] [           main] o.s.b.f.s.DefaultListableBeanFactory     : Creating shared instance of singleton bean 'emBeanDefinitionRegistrarPostProcessor'
2024-04-23T21:05:25.797-04:00 DEBUG 6056 --- [usuarios] [           main] o.s.b.f.s.DefaultListableBeanFactory     : Creating shared instance of singleton bean 'org.springframework.boot.sql.init.dependency.DatabaseInitializationDependencyConfigurer$DependsOnDatabaseInitializationPostProcessor'
2024-04-23T21:05:25.830-04:00 DEBUG 6056 --- [usuarios] [           main] o.s.b.f.s.DefaultListableBeanFactory     : Creating shared instance of singleton bean 'org.springframework.context.event.internalEventListenerProcessor'
2024-04-23T21:05:25.830-04:00 DEBUG 6056 --- [usuarios] [           main] o.s.b.f.s.DefaultListableBeanFactory     : Creating shared instance of singleton bean 'org.springframework.context.event.internalEventListenerFactory'
2024-04-23T21:05:25.830-04:00 DEBUG 6056 --- [usuarios] [           main] o.s.b.f.s.DefaultListableBeanFactory     : Creating shared instance of singleton bean 'org.springframework.transaction.config.internalTransactionalEventListenerFactory'
2024-04-23T21:05:25.831-04:00 DEBUG 6056 --- [usuarios] [           main] o.s.b.f.s.DefaultListableBeanFactory     : Creating shared instance of singleton bean 'org.springframework.context.annotation.internalAutowiredAnnotationProcessor'
2024-04-23T21:05:25.832-04:00 DEBUG 6056 --- [usuarios] [           main] o.s.b.f.s.DefaultListableBeanFactory     : Creating shared instance of singleton bean 'org.springframework.context.annotation.internalCommonAnnotationProcessor'
2024-04-23T21:05:25.832-04:00 DEBUG 6056 --- [usuarios] [           main] o.s.b.f.s.DefaultListableBeanFactory     : Creating shared instance of singleton bean 'org.springframework.context.annotation.internalPersistenceAnnotationProcessor'
2024-04-23T21:05:25.832-04:00 DEBUG 6056 --- [usuarios] [           main] o.s.b.f.s.DefaultListableBeanFactory     : Creating shared instance of singleton bean 'org.springframework.boot.test.mock.mockito.MockitoPostProcessor$SpyPostProcessor'
2024-04-23T21:05:25.833-04:00 DEBUG 6056 --- [usuarios] [           main] o.s.b.f.s.DefaultListableBeanFactory     : Creating shared instance of singleton bean 'jdbcConnectionDetailsHikariBeanPostProcessor'
2024-04-23T21:05:25.833-04:00 DEBUG 6056 --- [usuarios] [           main] o.s.b.f.s.DefaultListableBeanFactory     : Creating shared instance of singleton bean 'org.springframework.boot.context.properties.ConfigurationPropertiesBindingPostProcessor'
2024-04-23T21:05:25.833-04:00 DEBUG 6056 --- [usuarios] [           main] o.s.b.f.s.DefaultListableBeanFactory     : Creating shared instance of singleton bean 'org.springframework.boot.context.internalConfigurationPropertiesBinder'
2024-04-23T21:05:25.834-04:00 DEBUG 6056 --- [usuarios] [           main] o.s.b.f.s.DefaultListableBeanFactory     : Creating shared instance of singleton bean 'org.springframework.aop.config.internalAutoProxyCreator'
2024-04-23T21:05:25.840-04:00 DEBUG 6056 --- [usuarios] [           main] o.s.b.f.s.DefaultListableBeanFactory     : Creating shared instance of singleton bean 'dataSourceScriptDatabaseInitializer'
2024-04-23T21:05:25.840-04:00 DEBUG 6056 --- [usuarios] [           main] o.s.b.f.s.DefaultListableBeanFactory     : Creating shared instance of singleton bean 'org.springframework.boot.autoconfigure.sql.init.DataSourceInitializationConfiguration'
2024-04-23T21:05:25.841-04:00 DEBUG 6056 --- [usuarios] [           main] o.s.b.f.s.DefaultListableBeanFactory     : Creating shared instance of singleton bean 'org.springframework.transaction.config.internalTransactionAdvisor'
2024-04-23T21:05:25.841-04:00 DEBUG 6056 --- [usuarios] [           main] o.s.b.f.s.DefaultListableBeanFactory     : Creating shared instance of singleton bean 'org.springframework.transaction.annotation.ProxyTransactionManagementConfiguration'
2024-04-23T21:05:25.860-04:00 DEBUG 6056 --- [usuarios] [           main] o.s.b.f.s.DefaultListableBeanFactory     : Creating shared instance of singleton bean 'transactionAttributeSource'
2024-04-23T21:05:25.862-04:00 DEBUG 6056 --- [usuarios] [           main] o.s.b.f.s.DefaultListableBeanFactory     : Creating shared instance of singleton bean 'transactionInterceptor'
2024-04-23T21:05:25.863-04:00 DEBUG 6056 --- [usuarios] [           main] o.s.b.f.s.DefaultListableBeanFactory     : Autowiring by type from bean name 'transactionInterceptor' via factory method to bean named 'transactionAttributeSource'
2024-04-23T21:05:25.872-04:00 DEBUG 6056 --- [usuarios] [           main] o.s.b.f.s.DefaultListableBeanFactory     : Autowiring by type from bean name 'org.springframework.transaction.config.internalTransactionAdvisor' via factory method to bean named 'transactionAttributeSource'
2024-04-23T21:05:25.872-04:00 DEBUG 6056 --- [usuarios] [           main] o.s.b.f.s.DefaultListableBeanFactory     : Autowiring by type from bean name 'org.springframework.transaction.config.internalTransactionAdvisor' via factory method to bean named 'transactionInterceptor'
2024-04-23T21:05:25.878-04:00 DEBUG 6056 --- [usuarios] [           main] o.s.b.f.s.DefaultListableBeanFactory     : Creating shared instance of singleton bean 'dataSource'
2024-04-23T21:05:25.878-04:00 DEBUG 6056 --- [usuarios] [           main] o.s.b.f.s.DefaultListableBeanFactory     : Creating shared instance of singleton bean 'org.springframework.boot.autoconfigure.jdbc.DataSourceConfiguration$Hikari'
2024-04-23T21:05:25.879-04:00 DEBUG 6056 --- [usuarios] [           main] o.s.b.f.s.DefaultListableBeanFactory     : Creating shared instance of singleton bean 'spring.datasource-org.springframework.boot.autoconfigure.jdbc.DataSourceProperties'
2024-04-23T21:05:25.880-04:00 DEBUG 6056 --- [usuarios] [           main] o.s.b.f.s.DefaultListableBeanFactory     : Creating shared instance of singleton bean 'org.springframework.boot.context.properties.BoundConfigurationProperties'
2024-04-23T21:05:25.890-04:00 DEBUG 6056 --- [usuarios] [           main] o.s.b.f.s.DefaultListableBeanFactory     : Creating shared instance of singleton bean 'jdbcConnectionDetails'
2024-04-23T21:05:25.890-04:00 DEBUG 6056 --- [usuarios] [           main] o.s.b.f.s.DefaultListableBeanFactory     : Creating shared instance of singleton bean 'org.springframework.boot.autoconfigure.jdbc.DataSourceAutoConfiguration$PooledDataSourceConfiguration'
2024-04-23T21:05:25.891-04:00 DEBUG 6056 --- [usuarios] [           main] o.s.b.f.s.DefaultListableBeanFactory     : Autowiring by type from bean name 'jdbcConnectionDetails' via factory method to bean named 'spring.datasource-org.springframework.boot.autoconfigure.jdbc.DataSourceProperties'
2024-04-23T21:05:25.891-04:00 DEBUG 6056 --- [usuarios] [           main] o.s.b.f.s.DefaultListableBeanFactory     : Autowiring by type from bean name 'dataSource' via factory method to bean named 'spring.datasource-org.springframework.boot.autoconfigure.jdbc.DataSourceProperties'
2024-04-23T21:05:25.892-04:00 DEBUG 6056 --- [usuarios] [           main] o.s.b.f.s.DefaultListableBeanFactory     : Autowiring by type from bean name 'dataSource' via factory method to bean named 'jdbcConnectionDetails'
2024-04-23T21:05:26.148-04:00 DEBUG 6056 --- [usuarios] [           main] o.s.b.f.s.DefaultListableBeanFactory     : Creating shared instance of singleton bean 'spring.sql.init-org.springframework.boot.autoconfigure.sql.init.SqlInitializationProperties'
2024-04-23T21:05:26.151-04:00 DEBUG 6056 --- [usuarios] [           main] o.s.b.f.s.DefaultListableBeanFactory     : Autowiring by type from bean name 'dataSourceScriptDatabaseInitializer' via factory method to bean named 'dataSource'
2024-04-23T21:05:26.152-04:00 DEBUG 6056 --- [usuarios] [           main] o.s.b.f.s.DefaultListableBeanFactory     : Autowiring by type from bean name 'dataSourceScriptDatabaseInitializer' via factory method to bean named 'spring.sql.init-org.springframework.boot.autoconfigure.sql.init.SqlInitializationProperties'
2024-04-23T21:05:26.164-04:00 DEBUG 6056 --- [usuarios] [           main] o.s.b.f.s.DefaultListableBeanFactory     : Creating shared instance of singleton bean 'entityManagerFactory'
2024-04-23T21:05:26.164-04:00 DEBUG 6056 --- [usuarios] [           main] o.s.b.f.s.DefaultListableBeanFactory     : Creating shared instance of singleton bean 'org.springframework.boot.autoconfigure.orm.jpa.HibernateJpaConfiguration'
2024-04-23T21:05:26.165-04:00 DEBUG 6056 --- [usuarios] [           main] o.s.b.f.s.DefaultListableBeanFactory     : Creating shared instance of singleton bean 'spring.jpa-org.springframework.boot.autoconfigure.orm.jpa.JpaProperties'
2024-04-23T21:05:26.169-04:00 DEBUG 6056 --- [usuarios] [           main] o.s.b.f.s.DefaultListableBeanFactory     : Creating shared instance of singleton bean 'spring.jpa.hibernate-org.springframework.boot.autoconfigure.orm.jpa.HibernateProperties'
2024-04-23T21:05:26.171-04:00 DEBUG 6056 --- [usuarios] [           main] o.s.b.f.s.DefaultListableBeanFactory     : Autowiring by type from bean name 'org.springframework.boot.autoconfigure.orm.jpa.HibernateJpaConfiguration' via constructor to bean named 'dataSource'
2024-04-23T21:05:26.171-04:00 DEBUG 6056 --- [usuarios] [           main] o.s.b.f.s.DefaultListableBeanFactory     : Autowiring by type from bean name 'org.springframework.boot.autoconfigure.orm.jpa.HibernateJpaConfiguration' via constructor to bean named 'spring.jpa-org.springframework.boot.autoconfigure.orm.jpa.JpaProperties'
2024-04-23T21:05:26.171-04:00 DEBUG 6056 --- [usuarios] [           main] o.s.b.f.s.DefaultListableBeanFactory     : Autowiring by type from bean name 'org.springframework.boot.autoconfigure.orm.jpa.HibernateJpaConfiguration' via constructor to bean named 'org.springframework.beans.factory.support.DefaultListableBeanFactory@2ceb68a1'
2024-04-23T21:05:26.171-04:00 DEBUG 6056 --- [usuarios] [           main] o.s.b.f.s.DefaultListableBeanFactory     : Autowiring by type from bean name 'org.springframework.boot.autoconfigure.orm.jpa.HibernateJpaConfiguration' via constructor to bean named 'spring.jpa.hibernate-org.springframework.boot.autoconfigure.orm.jpa.HibernateProperties'
2024-04-23T21:05:26.175-04:00 DEBUG 6056 --- [usuarios] [           main] o.s.b.f.s.DefaultListableBeanFactory     : Creating shared instance of singleton bean 'oracleUcpPoolDataSourceMetadataProvider'
2024-04-23T21:05:26.175-04:00 DEBUG 6056 --- [usuarios] [           main] o.s.b.f.s.DefaultListableBeanFactory     : Creating shared instance of singleton bean 'org.springframework.boot.autoconfigure.jdbc.metadata.DataSourcePoolMetadataProvidersConfiguration$OracleUcpPoolDataSourceMetadataProviderConfiguration'
2024-04-23T21:05:26.178-04:00 DEBUG 6056 --- [usuarios] [           main] o.s.b.f.s.DefaultListableBeanFactory     : Creating shared instance of singleton bean 'hikariPoolDataSourceMetadataProvider'
2024-04-23T21:05:26.178-04:00 DEBUG 6056 --- [usuarios] [           main] o.s.b.f.s.DefaultListableBeanFactory     : Creating shared instance of singleton bean 'org.springframework.boot.autoconfigure.jdbc.metadata.DataSourcePoolMetadataProvidersConfiguration$HikariPoolDataSourceMetadataProviderConfiguration'
2024-04-23T21:05:26.184-04:00 DEBUG 6056 --- [usuarios] [           main] o.s.b.f.s.DefaultListableBeanFactory     : Creating shared instance of singleton bean 'entityManagerFactoryBuilder'
2024-04-23T21:05:26.186-04:00 DEBUG 6056 --- [usuarios] [           main] o.s.b.f.s.DefaultListableBeanFactory     : Creating shared instance of singleton bean 'jpaVendorAdapter'
2024-04-23T21:05:26.227-04:00 DEBUG 6056 --- [usuarios] [           main] o.s.b.f.s.DefaultListableBeanFactory     : Autowiring by type from bean name 'entityManagerFactoryBuilder' via factory method to bean named 'jpaVendorAdapter'
2024-04-23T21:05:26.232-04:00 DEBUG 6056 --- [usuarios] [           main] o.s.b.f.s.DefaultListableBeanFactory     : Creating shared instance of singleton bean 'persistenceManagedTypes'
2024-04-23T21:05:26.233-04:00 DEBUG 6056 --- [usuarios] [           main] o.s.b.f.s.DefaultListableBeanFactory     : Autowiring by type from bean name 'persistenceManagedTypes' via factory method to bean named 'org.springframework.beans.factory.support.DefaultListableBeanFactory@2ceb68a1'
2024-04-23T21:05:26.233-04:00 DEBUG 6056 --- [usuarios] [           main] o.s.b.f.s.DefaultListableBeanFactory     : Autowiring by type from bean name 'persistenceManagedTypes' via factory method to bean named 'org.springframework.context.annotation.AnnotationConfigApplicationContext@7827d7b'
2024-04-23T21:05:26.242-04:00 DEBUG 6056 --- [usuarios] [           main] o.s.b.f.s.DefaultListableBeanFactory     : Autowiring by type from bean name 'entityManagerFactory' via factory method to bean named 'entityManagerFactoryBuilder'
2024-04-23T21:05:26.242-04:00 DEBUG 6056 --- [usuarios] [           main] o.s.b.f.s.DefaultListableBeanFactory     : Autowiring by type from bean name 'entityManagerFactory' via factory method to bean named 'persistenceManagedTypes'
2024-04-23T21:05:26.275-04:00 DEBUG 6056 --- [usuarios] [           main] j.LocalContainerEntityManagerFactoryBean : Building JPA container EntityManagerFactory for persistence unit 'default'
2024-04-23T21:05:26.317-04:00 DEBUG 6056 --- [usuarios] [           main] o.hibernate.jpa.internal.util.LogHelper  : PersistenceUnitInfo [
	name: default
	persistence provider classname: null
	classloader: jdk.internal.loader.ClassLoaders$AppClassLoader@70dea4e
	excludeUnlistedClasses: true
	JTA datasource: null
	Non JTA datasource: HikariDataSource (null)
	Transaction type: RESOURCE_LOCAL
	PU root URL: file:/C:/Springboot/Semana8/usuarios/target/test-classes/
	Shared Cache Mode: UNSPECIFIED
	Validation Mode: AUTO
	Jar files URLs []
	Managed classes names [
		com.gestorusuario.usuarios.model.Perfil
		com.gestorusuario.usuarios.model.Usuario]
	Mapping files names []
	Properties []
2024-04-23T21:05:26.340-04:00 DEBUG 6056 --- [usuarios] [           main] o.h.i.internal.IntegratorServiceImpl     : Adding Integrator [org.hibernate.boot.beanvalidation.BeanValidationIntegrator].
2024-04-23T21:05:26.343-04:00 DEBUG 6056 --- [usuarios] [           main] o.h.i.internal.IntegratorServiceImpl     : Adding Integrator [org.hibernate.cache.internal.CollectionCacheInvalidator].
2024-04-23T21:05:26.485-04:00  INFO 6056 --- [usuarios] [           main] org.hibernate.Version                    : HHH000412: Hibernate ORM core version 6.4.4.Final
2024-04-23T21:05:26.487-04:00 DEBUG 6056 --- [usuarios] [           main] org.hibernate.cfg.Environment            : HHH000206: 'hibernate.properties' not found
2024-04-23T21:05:26.519-04:00 DEBUG 6056 --- [usuarios] [           main] org.hibernate.orm.idgen.factory          : Registering IdentifierGenerator strategy [uuid2] -> [org.hibernate.id.UUIDGenerator]
2024-04-23T21:05:26.520-04:00 DEBUG 6056 --- [usuarios] [           main] org.hibernate.orm.idgen.factory          : Registering IdentifierGenerator strategy [guid] -> [org.hibernate.id.GUIDGenerator]
2024-04-23T21:05:26.521-04:00 DEBUG 6056 --- [usuarios] [           main] org.hibernate.orm.idgen.factory          : Registering IdentifierGenerator strategy [uuid] -> [org.hibernate.id.UUIDHexGenerator]
2024-04-23T21:05:26.521-04:00 DEBUG 6056 --- [usuarios] [           main] org.hibernate.orm.idgen.factory          : Registering IdentifierGenerator strategy [uuid.hex] -> [org.hibernate.id.UUIDHexGenerator]
2024-04-23T21:05:26.522-04:00 DEBUG 6056 --- [usuarios] [           main] org.hibernate.orm.idgen.factory          : Registering IdentifierGenerator strategy [assigned] -> [org.hibernate.id.Assigned]
2024-04-23T21:05:26.524-04:00 DEBUG 6056 --- [usuarios] [           main] org.hibernate.orm.idgen.factory          : Registering IdentifierGenerator strategy [identity] -> [org.hibernate.id.IdentityGenerator]
2024-04-23T21:05:26.524-04:00 DEBUG 6056 --- [usuarios] [           main] org.hibernate.orm.idgen.factory          : Registering IdentifierGenerator strategy [select] -> [org.hibernate.id.SelectGenerator]
2024-04-23T21:05:26.525-04:00 DEBUG 6056 --- [usuarios] [           main] org.hibernate.orm.idgen.factory          : Registering IdentifierGenerator strategy [sequence] -> [org.hibernate.id.enhanced.SequenceStyleGenerator]
2024-04-23T21:05:26.525-04:00 DEBUG 6056 --- [usuarios] [           main] org.hibernate.orm.idgen.factory          : Registering IdentifierGenerator strategy [increment] -> [org.hibernate.id.IncrementGenerator]
2024-04-23T21:05:26.526-04:00 DEBUG 6056 --- [usuarios] [           main] org.hibernate.orm.idgen.factory          : Registering IdentifierGenerator strategy [foreign] -> [org.hibernate.id.ForeignGenerator]
2024-04-23T21:05:26.526-04:00 DEBUG 6056 --- [usuarios] [           main] org.hibernate.orm.idgen.factory          : Registering IdentifierGenerator strategy [enhanced-sequence] -> [org.hibernate.id.enhanced.SequenceStyleGenerator]
2024-04-23T21:05:26.527-04:00 DEBUG 6056 --- [usuarios] [           main] org.hibernate.orm.idgen.factory          : Registering IdentifierGenerator strategy [enhanced-table] -> [org.hibernate.id.enhanced.TableGenerator]
2024-04-23T21:05:26.537-04:00 DEBUG 6056 --- [usuarios] [           main] o.h.c.internal.RegionFactoryInitiator    : Cannot default RegionFactory based on registered strategies as `[]` RegionFactory strategies were registered
2024-04-23T21:05:26.538-04:00  INFO 6056 --- [usuarios] [           main] o.h.c.internal.RegionFactoryInitiator    : HHH000026: Second-level cache disabled
2024-04-23T21:05:26.697-04:00 DEBUG 6056 --- [usuarios] [           main] org.hibernate.type.BasicTypeRegistry     : Adding type registration boolean -> org.hibernate.type.BasicTypeReference@7852ab30
2024-04-23T21:05:26.697-04:00 DEBUG 6056 --- [usuarios] [           main] org.hibernate.type.BasicTypeRegistry     : Adding type registration boolean -> org.hibernate.type.BasicTypeReference@7852ab30
2024-04-23T21:05:26.697-04:00 DEBUG 6056 --- [usuarios] [           main] org.hibernate.type.BasicTypeRegistry     : Adding type registration java.lang.Boolean -> org.hibernate.type.BasicTypeReference@7852ab30
2024-04-23T21:05:26.697-04:00 DEBUG 6056 --- [usuarios] [           main] org.hibernate.type.BasicTypeRegistry     : Adding type registration numeric_boolean -> org.hibernate.type.BasicTypeReference@417751d3
2024-04-23T21:05:26.698-04:00 DEBUG 6056 --- [usuarios] [           main] org.hibernate.type.BasicTypeRegistry     : Adding type registration org.hibernate.type.NumericBooleanConverter -> org.hibernate.type.BasicTypeReference@417751d3
2024-04-23T21:05:26.698-04:00 DEBUG 6056 --- [usuarios] [           main] org.hibernate.type.BasicTypeRegistry     : Adding type registration true_false -> org.hibernate.type.BasicTypeReference@5bf4dfb
2024-04-23T21:05:26.698-04:00 DEBUG 6056 --- [usuarios] [           main] org.hibernate.type.BasicTypeRegistry     : Adding type registration org.hibernate.type.TrueFalseConverter -> org.hibernate.type.BasicTypeReference@5bf4dfb
2024-04-23T21:05:26.698-04:00 DEBUG 6056 --- [usuarios] [           main] org.hibernate.type.BasicTypeRegistry     : Adding type registration yes_no -> org.hibernate.type.BasicTypeReference@8c3b634
2024-04-23T21:05:26.698-04:00 DEBUG 6056 --- [usuarios] [           main] org.hibernate.type.BasicTypeRegistry     : Adding type registration org.hibernate.type.YesNoConverter -> org.hibernate.type.BasicTypeReference@8c3b634
2024-04-23T21:05:26.698-04:00 DEBUG 6056 --- [usuarios] [           main] org.hibernate.type.BasicTypeRegistry     : Adding type registration byte -> org.hibernate.type.BasicTypeReference@65259737
2024-04-23T21:05:26.698-04:00 DEBUG 6056 --- [usuarios] [           main] org.hibernate.type.BasicTypeRegistry     : Adding type registration byte -> org.hibernate.type.BasicTypeReference@65259737
2024-04-23T21:05:26.698-04:00 DEBUG 6056 --- [usuarios] [           main] org.hibernate.type.BasicTypeRegistry     : Adding type registration java.lang.Byte -> org.hibernate.type.BasicTypeReference@65259737
2024-04-23T21:05:26.698-04:00 DEBUG 6056 --- [usuarios] [           main] org.hibernate.type.BasicTypeRegistry     : Adding type registration binary -> org.hibernate.type.BasicTypeReference@1e27bb89
2024-04-23T21:05:26.698-04:00 DEBUG 6056 --- [usuarios] [           main] org.hibernate.type.BasicTypeRegistry     : Adding type registration byte[] -> org.hibernate.type.BasicTypeReference@1e27bb89
2024-04-23T21:05:26.698-04:00 DEBUG 6056 --- [usuarios] [           main] org.hibernate.type.BasicTypeRegistry     : Adding type registration [B -> org.hibernate.type.BasicTypeReference@1e27bb89
2024-04-23T21:05:26.698-04:00 DEBUG 6056 --- [usuarios] [           main] org.hibernate.type.BasicTypeRegistry     : Adding type registration binary_wrapper -> org.hibernate.type.BasicTypeReference@6108fd23
2024-04-23T21:05:26.698-04:00 DEBUG 6056 --- [usuarios] [           main] org.hibernate.type.BasicTypeRegistry     : Adding type registration wrapper-binary -> org.hibernate.type.BasicTypeReference@6108fd23
2024-04-23T21:05:26.698-04:00 DEBUG 6056 --- [usuarios] [           main] org.hibernate.type.BasicTypeRegistry     : Adding type registration image -> org.hibernate.type.BasicTypeReference@746f8520
2024-04-23T21:05:26.698-04:00 DEBUG 6056 --- [usuarios] [           main] org.hibernate.type.BasicTypeRegistry     : Adding type registration blob -> org.hibernate.type.BasicTypeReference@3d3a28b5
2024-04-23T21:05:26.698-04:00 DEBUG 6056 --- [usuarios] [           main] org.hibernate.type.BasicTypeRegistry     : Adding type registration java.sql.Blob -> org.hibernate.type.BasicTypeReference@3d3a28b5
2024-04-23T21:05:26.698-04:00 DEBUG 6056 --- [usuarios] [           main] org.hibernate.type.BasicTypeRegistry     : Adding type registration materialized_blob -> org.hibernate.type.BasicTypeReference@1ee22768
2024-04-23T21:05:26.698-04:00 DEBUG 6056 --- [usuarios] [           main] org.hibernate.type.BasicTypeRegistry     : Adding type registration materialized_blob_wrapper -> org.hibernate.type.BasicTypeReference@38a52072
2024-04-23T21:05:26.698-04:00 DEBUG 6056 --- [usuarios] [           main] org.hibernate.type.BasicTypeRegistry     : Adding type registration short -> org.hibernate.type.BasicTypeReference@306bf4c3
2024-04-23T21:05:26.698-04:00 DEBUG 6056 --- [usuarios] [           main] org.hibernate.type.BasicTypeRegistry     : Adding type registration short -> org.hibernate.type.BasicTypeReference@306bf4c3
2024-04-23T21:05:26.698-04:00 DEBUG 6056 --- [usuarios] [           main] org.hibernate.type.BasicTypeRegistry     : Adding type registration java.lang.Short -> org.hibernate.type.BasicTypeReference@306bf4c3
2024-04-23T21:05:26.699-04:00 DEBUG 6056 --- [usuarios] [           main] org.hibernate.type.BasicTypeRegistry     : Adding type registration integer -> org.hibernate.type.BasicTypeReference@5cf80dfb
2024-04-23T21:05:26.699-04:00 DEBUG 6056 --- [usuarios] [           main] org.hibernate.type.BasicTypeRegistry     : Adding type registration int -> org.hibernate.type.BasicTypeReference@5cf80dfb
2024-04-23T21:05:26.699-04:00 DEBUG 6056 --- [usuarios] [           main] org.hibernate.type.BasicTypeRegistry     : Adding type registration java.lang.Integer -> org.hibernate.type.BasicTypeReference@5cf80dfb
2024-04-23T21:05:26.699-04:00 DEBUG 6056 --- [usuarios] [           main] org.hibernate.type.BasicTypeRegistry     : Adding type registration long -> org.hibernate.type.BasicTypeReference@532ea86b
2024-04-23T21:05:26.699-04:00 DEBUG 6056 --- [usuarios] [           main] org.hibernate.type.BasicTypeRegistry     : Adding type registration long -> org.hibernate.type.BasicTypeReference@532ea86b
2024-04-23T21:05:26.699-04:00 DEBUG 6056 --- [usuarios] [           main] org.hibernate.type.BasicTypeRegistry     : Adding type registration java.lang.Long -> org.hibernate.type.BasicTypeReference@532ea86b
2024-04-23T21:05:26.699-04:00 DEBUG 6056 --- [usuarios] [           main] org.hibernate.type.BasicTypeRegistry     : Adding type registration float -> org.hibernate.type.BasicTypeReference@4219a4cc
2024-04-23T21:05:26.699-04:00 DEBUG 6056 --- [usuarios] [           main] org.hibernate.type.BasicTypeRegistry     : Adding type registration float -> org.hibernate.type.BasicTypeReference@4219a4cc
2024-04-23T21:05:26.699-04:00 DEBUG 6056 --- [usuarios] [           main] org.hibernate.type.BasicTypeRegistry     : Adding type registration java.lang.Float -> org.hibernate.type.BasicTypeReference@4219a4cc
2024-04-23T21:05:26.699-04:00 DEBUG 6056 --- [usuarios] [           main] org.hibernate.type.BasicTypeRegistry     : Adding type registration double -> org.hibernate.type.BasicTypeReference@2dbb8da0
2024-04-23T21:05:26.699-04:00 DEBUG 6056 --- [usuarios] [           main] org.hibernate.type.BasicTypeRegistry     : Adding type registration double -> org.hibernate.type.BasicTypeReference@2dbb8da0
2024-04-23T21:05:26.699-04:00 DEBUG 6056 --- [usuarios] [           main] org.hibernate.type.BasicTypeRegistry     : Adding type registration java.lang.Double -> org.hibernate.type.BasicTypeReference@2dbb8da0
2024-04-23T21:05:26.699-04:00 DEBUG 6056 --- [usuarios] [           main] org.hibernate.type.BasicTypeRegistry     : Adding type registration big_integer -> org.hibernate.type.BasicTypeReference@3130ca39
2024-04-23T21:05:26.699-04:00 DEBUG 6056 --- [usuarios] [           main] org.hibernate.type.BasicTypeRegistry     : Adding type registration java.math.BigInteger -> org.hibernate.type.BasicTypeReference@3130ca39
2024-04-23T21:05:26.699-04:00 DEBUG 6056 --- [usuarios] [           main] org.hibernate.type.BasicTypeRegistry     : Adding type registration big_decimal -> org.hibernate.type.BasicTypeReference@17fb5184
2024-04-23T21:05:26.699-04:00 DEBUG 6056 --- [usuarios] [           main] org.hibernate.type.BasicTypeRegistry     : Adding type registration java.math.BigDecimal -> org.hibernate.type.BasicTypeReference@17fb5184
2024-04-23T21:05:26.699-04:00 DEBUG 6056 --- [usuarios] [           main] org.hibernate.type.BasicTypeRegistry     : Adding type registration character -> org.hibernate.type.BasicTypeReference@184bb873
2024-04-23T21:05:26.699-04:00 DEBUG 6056 --- [usuarios] [           main] org.hibernate.type.BasicTypeRegistry     : Adding type registration char -> org.hibernate.type.BasicTypeReference@184bb873
2024-04-23T21:05:26.700-04:00 DEBUG 6056 --- [usuarios] [           main] org.hibernate.type.BasicTypeRegistry     : Adding type registration java.lang.Character -> org.hibernate.type.BasicTypeReference@184bb873
2024-04-23T21:05:26.700-04:00 DEBUG 6056 --- [usuarios] [           main] org.hibernate.type.BasicTypeRegistry     : Adding type registration character_nchar -> org.hibernate.type.BasicTypeReference@696ce057
2024-04-23T21:05:26.700-04:00 DEBUG 6056 --- [usuarios] [           main] org.hibernate.type.BasicTypeRegistry     : Adding type registration string -> org.hibernate.type.BasicTypeReference@5eba9e41
2024-04-23T21:05:26.700-04:00 DEBUG 6056 --- [usuarios] [           main] org.hibernate.type.BasicTypeRegistry     : Adding type registration java.lang.String -> org.hibernate.type.BasicTypeReference@5eba9e41
2024-04-23T21:05:26.700-04:00 DEBUG 6056 --- [usuarios] [           main] org.hibernate.type.BasicTypeRegistry     : Adding type registration nstring -> org.hibernate.type.BasicTypeReference@13809363
2024-04-23T21:05:26.700-04:00 DEBUG 6056 --- [usuarios] [           main] org.hibernate.type.BasicTypeRegistry     : Adding type registration characters -> org.hibernate.type.BasicTypeReference@564d3940
2024-04-23T21:05:26.700-04:00 DEBUG 6056 --- [usuarios] [           main] org.hibernate.type.BasicTypeRegistry     : Adding type registration char[] -> org.hibernate.type.BasicTypeReference@564d3940
2024-04-23T21:05:26.700-04:00 DEBUG 6056 --- [usuarios] [           main] org.hibernate.type.BasicTypeRegistry     : Adding type registration [C -> org.hibernate.type.BasicTypeReference@564d3940
2024-04-23T21:05:26.700-04:00 DEBUG 6056 --- [usuarios] [           main] org.hibernate.type.BasicTypeRegistry     : Adding type registration wrapper-characters -> org.hibernate.type.BasicTypeReference@58ad0586
2024-04-23T21:05:26.700-04:00 DEBUG 6056 --- [usuarios] [           main] org.hibernate.type.BasicTypeRegistry     : Adding type registration text -> org.hibernate.type.BasicTypeReference@526fc044
2024-04-23T21:05:26.700-04:00 DEBUG 6056 --- [usuarios] [           main] org.hibernate.type.BasicTypeRegistry     : Adding type registration ntext -> org.hibernate.type.BasicTypeReference@45635ae1
2024-04-23T21:05:26.700-04:00 DEBUG 6056 --- [usuarios] [           main] org.hibernate.type.BasicTypeRegistry     : Adding type registration clob -> org.hibernate.type.BasicTypeReference@7adbec34
2024-04-23T21:05:26.700-04:00 DEBUG 6056 --- [usuarios] [           main] org.hibernate.type.BasicTypeRegistry     : Adding type registration java.sql.Clob -> org.hibernate.type.BasicTypeReference@7adbec34
2024-04-23T21:05:26.700-04:00 DEBUG 6056 --- [usuarios] [           main] org.hibernate.type.BasicTypeRegistry     : Adding type registration nclob -> org.hibernate.type.BasicTypeReference@4aea57dc
2024-04-23T21:05:26.700-04:00 DEBUG 6056 --- [usuarios] [           main] org.hibernate.type.BasicTypeRegistry     : Adding type registration java.sql.NClob -> org.hibernate.type.BasicTypeReference@4aea57dc
2024-04-23T21:05:26.700-04:00 DEBUG 6056 --- [usuarios] [           main] org.hibernate.type.BasicTypeRegistry     : Adding type registration materialized_clob -> org.hibernate.type.BasicTypeReference@66abc325
2024-04-23T21:05:26.700-04:00 DEBUG 6056 --- [usuarios] [           main] org.hibernate.type.BasicTypeRegistry     : Adding type registration materialized_clob_char_array -> org.hibernate.type.BasicTypeReference@39403943
2024-04-23T21:05:26.700-04:00 DEBUG 6056 --- [usuarios] [           main] org.hibernate.type.BasicTypeRegistry     : Adding type registration materialized_clob_character_array -> org.hibernate.type.BasicTypeReference@1c5fd813
2024-04-23T21:05:26.700-04:00 DEBUG 6056 --- [usuarios] [           main] org.hibernate.type.BasicTypeRegistry     : Adding type registration materialized_nclob -> org.hibernate.type.BasicTypeReference@49338f3
2024-04-23T21:05:26.701-04:00 DEBUG 6056 --- [usuarios] [           main] org.hibernate.type.BasicTypeRegistry     : Adding type registration materialized_nclob_character_array -> org.hibernate.type.BasicTypeReference@3c9971af
2024-04-23T21:05:26.701-04:00 DEBUG 6056 --- [usuarios] [           main] org.hibernate.type.BasicTypeRegistry     : Adding type registration materialized_nclob_char_array -> org.hibernate.type.BasicTypeReference@4abdd5e
2024-04-23T21:05:26.701-04:00 DEBUG 6056 --- [usuarios] [           main] org.hibernate.type.BasicTypeRegistry     : Adding type registration Duration -> org.hibernate.type.BasicTypeReference@66d61298
2024-04-23T21:05:26.701-04:00 DEBUG 6056 --- [usuarios] [           main] org.hibernate.type.BasicTypeRegistry     : Adding type registration java.time.Duration -> org.hibernate.type.BasicTypeReference@66d61298
2024-04-23T21:05:26.701-04:00 DEBUG 6056 --- [usuarios] [           main] org.hibernate.type.BasicTypeRegistry     : Adding type registration LocalDateTime -> org.hibernate.type.BasicTypeReference@7b9fea11
2024-04-23T21:05:26.701-04:00 DEBUG 6056 --- [usuarios] [           main] org.hibernate.type.BasicTypeRegistry     : Adding type registration java.time.LocalDateTime -> org.hibernate.type.BasicTypeReference@7b9fea11
2024-04-23T21:05:26.701-04:00 DEBUG 6056 --- [usuarios] [           main] org.hibernate.type.BasicTypeRegistry     : Adding type registration LocalDate -> org.hibernate.type.BasicTypeReference@c7cf8c4
2024-04-23T21:05:26.701-04:00 DEBUG 6056 --- [usuarios] [           main] org.hibernate.type.BasicTypeRegistry     : Adding type registration java.time.LocalDate -> org.hibernate.type.BasicTypeReference@c7cf8c4
2024-04-23T21:05:26.701-04:00 DEBUG 6056 --- [usuarios] [           main] org.hibernate.type.BasicTypeRegistry     : Adding type registration LocalTime -> org.hibernate.type.BasicTypeReference@56e78538
2024-04-23T21:05:26.701-04:00 DEBUG 6056 --- [usuarios] [           main] org.hibernate.type.BasicTypeRegistry     : Adding type registration java.time.LocalTime -> org.hibernate.type.BasicTypeReference@56e78538
2024-04-23T21:05:26.701-04:00 DEBUG 6056 --- [usuarios] [           main] org.hibernate.type.BasicTypeRegistry     : Adding type registration OffsetDateTime -> org.hibernate.type.BasicTypeReference@731fae
2024-04-23T21:05:26.701-04:00 DEBUG 6056 --- [usuarios] [           main] org.hibernate.type.BasicTypeRegistry     : Adding type registration java.time.OffsetDateTime -> org.hibernate.type.BasicTypeReference@731fae
2024-04-23T21:05:26.701-04:00 DEBUG 6056 --- [usuarios] [           main] org.hibernate.type.BasicTypeRegistry     : Adding type registration OffsetDateTimeWithTimezone -> org.hibernate.type.BasicTypeReference@438a2d3
2024-04-23T21:05:26.701-04:00 DEBUG 6056 --- [usuarios] [           main] org.hibernate.type.BasicTypeRegistry     : Adding type registration OffsetDateTimeWithoutTimezone -> org.hibernate.type.BasicTypeReference@6fe9c048
2024-04-23T21:05:26.701-04:00 DEBUG 6056 --- [usuarios] [           main] org.hibernate.type.BasicTypeRegistry     : Adding type registration OffsetTime -> org.hibernate.type.BasicTypeReference@54d46c8
2024-04-23T21:05:26.701-04:00 DEBUG 6056 --- [usuarios] [           main] org.hibernate.type.BasicTypeRegistry     : Adding type registration java.time.OffsetTime -> org.hibernate.type.BasicTypeReference@54d46c8
2024-04-23T21:05:26.701-04:00 DEBUG 6056 --- [usuarios] [           main] org.hibernate.type.BasicTypeRegistry     : Adding type registration OffsetTimeUtc -> org.hibernate.type.BasicTypeReference@1ddba7a0
2024-04-23T21:05:26.701-04:00 DEBUG 6056 --- [usuarios] [           main] org.hibernate.type.BasicTypeRegistry     : Adding type registration OffsetTimeWithTimezone -> org.hibernate.type.BasicTypeReference@5c34b0f2
2024-04-23T21:05:26.701-04:00 DEBUG 6056 --- [usuarios] [           main] org.hibernate.type.BasicTypeRegistry     : Adding type registration OffsetTimeWithoutTimezone -> org.hibernate.type.BasicTypeReference@7dfec0bc
2024-04-23T21:05:26.701-04:00 DEBUG 6056 --- [usuarios] [           main] org.hibernate.type.BasicTypeRegistry     : Adding type registration ZonedDateTime -> org.hibernate.type.BasicTypeReference@12eaa2cd
2024-04-23T21:05:26.701-04:00 DEBUG 6056 --- [usuarios] [           main] org.hibernate.type.BasicTypeRegistry     : Adding type registration java.time.ZonedDateTime -> org.hibernate.type.BasicTypeReference@12eaa2cd
2024-04-23T21:05:26.701-04:00 DEBUG 6056 --- [usuarios] [           main] org.hibernate.type.BasicTypeRegistry     : Adding type registration ZonedDateTimeWithTimezone -> org.hibernate.type.BasicTypeReference@52ccf197
2024-04-23T21:05:26.701-04:00 DEBUG 6056 --- [usuarios] [           main] org.hibernate.type.BasicTypeRegistry     : Adding type registration ZonedDateTimeWithoutTimezone -> org.hibernate.type.BasicTypeReference@2b06681c
2024-04-23T21:05:26.701-04:00 DEBUG 6056 --- [usuarios] [           main] org.hibernate.type.BasicTypeRegistry     : Adding type registration date -> org.hibernate.type.BasicTypeReference@20f6b6e0
2024-04-23T21:05:26.701-04:00 DEBUG 6056 --- [usuarios] [           main] org.hibernate.type.BasicTypeRegistry     : Adding type registration java.sql.Date -> org.hibernate.type.BasicTypeReference@20f6b6e0
2024-04-23T21:05:26.701-04:00 DEBUG 6056 --- [usuarios] [           main] org.hibernate.type.BasicTypeRegistry     : Adding type registration time -> org.hibernate.type.BasicTypeReference@67cd84f9
2024-04-23T21:05:26.701-04:00 DEBUG 6056 --- [usuarios] [           main] org.hibernate.type.BasicTypeRegistry     : Adding type registration java.sql.Time -> org.hibernate.type.BasicTypeReference@67cd84f9
2024-04-23T21:05:26.701-04:00 DEBUG 6056 --- [usuarios] [           main] org.hibernate.type.BasicTypeRegistry     : Adding type registration timestamp -> org.hibernate.type.BasicTypeReference@52b891de
2024-04-23T21:05:26.701-04:00 DEBUG 6056 --- [usuarios] [           main] org.hibernate.type.BasicTypeRegistry     : Adding type registration java.sql.Timestamp -> org.hibernate.type.BasicTypeReference@52b891de
2024-04-23T21:05:26.702-04:00 DEBUG 6056 --- [usuarios] [           main] org.hibernate.type.BasicTypeRegistry     : Adding type registration java.util.Date -> org.hibernate.type.BasicTypeReference@52b891de
2024-04-23T21:05:26.702-04:00 DEBUG 6056 --- [usuarios] [           main] org.hibernate.type.BasicTypeRegistry     : Adding type registration calendar -> org.hibernate.type.BasicTypeReference@4ae6451d
2024-04-23T21:05:26.702-04:00 DEBUG 6056 --- [usuarios] [           main] org.hibernate.type.BasicTypeRegistry     : Adding type registration java.util.Calendar -> org.hibernate.type.BasicTypeReference@4ae6451d
2024-04-23T21:05:26.702-04:00 DEBUG 6056 --- [usuarios] [           main] org.hibernate.type.BasicTypeRegistry     : Adding type registration java.util.GregorianCalendar -> org.hibernate.type.BasicTypeReference@4ae6451d
2024-04-23T21:05:26.702-04:00 DEBUG 6056 --- [usuarios] [           main] org.hibernate.type.BasicTypeRegistry     : Adding type registration calendar_date -> org.hibernate.type.BasicTypeReference@5f32ab17
2024-04-23T21:05:26.702-04:00 DEBUG 6056 --- [usuarios] [           main] org.hibernate.type.BasicTypeRegistry     : Adding type registration calendar_time -> org.hibernate.type.BasicTypeReference@54530644
2024-04-23T21:05:26.702-04:00 DEBUG 6056 --- [usuarios] [           main] org.hibernate.type.BasicTypeRegistry     : Adding type registration instant -> org.hibernate.type.BasicTypeReference@42734b71
2024-04-23T21:05:26.702-04:00 DEBUG 6056 --- [usuarios] [           main] org.hibernate.type.BasicTypeRegistry     : Adding type registration java.time.Instant -> org.hibernate.type.BasicTypeReference@42734b71
2024-04-23T21:05:26.702-04:00 DEBUG 6056 --- [usuarios] [           main] org.hibernate.type.BasicTypeRegistry     : Adding type registration uuid -> org.hibernate.type.BasicTypeReference@3a45308f
2024-04-23T21:05:26.703-04:00 DEBUG 6056 --- [usuarios] [           main] org.hibernate.type.BasicTypeRegistry     : Adding type registration java.util.UUID -> org.hibernate.type.BasicTypeReference@3a45308f
2024-04-23T21:05:26.703-04:00 DEBUG 6056 --- [usuarios] [           main] org.hibernate.type.BasicTypeRegistry     : Adding type registration pg-uuid -> org.hibernate.type.BasicTypeReference@3a45308f
2024-04-23T21:05:26.703-04:00 DEBUG 6056 --- [usuarios] [           main] org.hibernate.type.BasicTypeRegistry     : Adding type registration uuid-binary -> org.hibernate.type.BasicTypeReference@70e54ec3
2024-04-23T21:05:26.703-04:00 DEBUG 6056 --- [usuarios] [           main] org.hibernate.type.BasicTypeRegistry     : Adding type registration uuid-char -> org.hibernate.type.BasicTypeReference@3cc817bd
2024-04-23T21:05:26.703-04:00 DEBUG 6056 --- [usuarios] [           main] org.hibernate.type.BasicTypeRegistry     : Adding type registration class -> org.hibernate.type.BasicTypeReference@64b8eb96
2024-04-23T21:05:26.703-04:00 DEBUG 6056 --- [usuarios] [           main] org.hibernate.type.BasicTypeRegistry     : Adding type registration java.lang.Class -> org.hibernate.type.BasicTypeReference@64b8eb96
2024-04-23T21:05:26.703-04:00 DEBUG 6056 --- [usuarios] [           main] org.hibernate.type.BasicTypeRegistry     : Adding type registration currency -> org.hibernate.type.BasicTypeReference@776a7ec6
2024-04-23T21:05:26.703-04:00 DEBUG 6056 --- [usuarios] [           main] org.hibernate.type.BasicTypeRegistry     : Adding type registration Currency -> org.hibernate.type.BasicTypeReference@776a7ec6
2024-04-23T21:05:26.703-04:00 DEBUG 6056 --- [usuarios] [           main] org.hibernate.type.BasicTypeRegistry     : Adding type registration java.util.Currency -> org.hibernate.type.BasicTypeReference@776a7ec6
2024-04-23T21:05:26.703-04:00 DEBUG 6056 --- [usuarios] [           main] org.hibernate.type.BasicTypeRegistry     : Adding type registration locale -> org.hibernate.type.BasicTypeReference@51aa2a58
2024-04-23T21:05:26.703-04:00 DEBUG 6056 --- [usuarios] [           main] org.hibernate.type.BasicTypeRegistry     : Adding type registration java.util.Locale -> org.hibernate.type.BasicTypeReference@51aa2a58
2024-04-23T21:05:26.703-04:00 DEBUG 6056 --- [usuarios] [           main] org.hibernate.type.BasicTypeRegistry     : Adding type registration serializable -> org.hibernate.type.BasicTypeReference@726d8fa0
2024-04-23T21:05:26.704-04:00 DEBUG 6056 --- [usuarios] [           main] org.hibernate.type.BasicTypeRegistry     : Adding type registration java.io.Serializable -> org.hibernate.type.BasicTypeReference@726d8fa0
2024-04-23T21:05:26.704-04:00 DEBUG 6056 --- [usuarios] [           main] org.hibernate.type.BasicTypeRegistry     : Adding type registration timezone -> org.hibernate.type.BasicTypeReference@56554365
2024-04-23T21:05:26.704-04:00 DEBUG 6056 --- [usuarios] [           main] org.hibernate.type.BasicTypeRegistry     : Adding type registration java.util.TimeZone -> org.hibernate.type.BasicTypeReference@56554365
2024-04-23T21:05:26.704-04:00 DEBUG 6056 --- [usuarios] [           main] org.hibernate.type.BasicTypeRegistry     : Adding type registration ZoneOffset -> org.hibernate.type.BasicTypeReference@666b1244
2024-04-23T21:05:26.704-04:00 DEBUG 6056 --- [usuarios] [           main] org.hibernate.type.BasicTypeRegistry     : Adding type registration java.time.ZoneOffset -> org.hibernate.type.BasicTypeReference@666b1244
2024-04-23T21:05:26.704-04:00 DEBUG 6056 --- [usuarios] [           main] org.hibernate.type.BasicTypeRegistry     : Adding type registration url -> org.hibernate.type.BasicTypeReference@66130c3b
2024-04-23T21:05:26.704-04:00 DEBUG 6056 --- [usuarios] [           main] org.hibernate.type.BasicTypeRegistry     : Adding type registration java.net.URL -> org.hibernate.type.BasicTypeReference@66130c3b
2024-04-23T21:05:26.704-04:00 DEBUG 6056 --- [usuarios] [           main] org.hibernate.type.BasicTypeRegistry     : Adding type registration vector -> org.hibernate.type.BasicTypeReference@789d8fd6
2024-04-23T21:05:26.704-04:00 DEBUG 6056 --- [usuarios] [           main] org.hibernate.type.BasicTypeRegistry     : Adding type registration row_version -> org.hibernate.type.BasicTypeReference@42fa5cb
2024-04-23T21:05:26.712-04:00 DEBUG 6056 --- [usuarios] [           main] org.hibernate.type.BasicTypeRegistry     : Adding type registration object -> org.hibernate.type.JavaObjectType@73db7df0
2024-04-23T21:05:26.712-04:00 DEBUG 6056 --- [usuarios] [           main] org.hibernate.type.BasicTypeRegistry     : Adding type registration java.lang.Object -> org.hibernate.type.JavaObjectType@73db7df0
2024-04-23T21:05:26.713-04:00 DEBUG 6056 --- [usuarios] [           main] org.hibernate.type.BasicTypeRegistry     : Adding type registration null -> org.hibernate.type.NullType@28888124
2024-04-23T21:05:26.713-04:00 DEBUG 6056 --- [usuarios] [           main] org.hibernate.type.BasicTypeRegistry     : Adding type registration imm_date -> org.hibernate.type.BasicTypeReference@355b53cc
2024-04-23T21:05:26.713-04:00 DEBUG 6056 --- [usuarios] [           main] org.hibernate.type.BasicTypeRegistry     : Adding type registration imm_time -> org.hibernate.type.BasicTypeReference@2568611c
2024-04-23T21:05:26.713-04:00 DEBUG 6056 --- [usuarios] [           main] org.hibernate.type.BasicTypeRegistry     : Adding type registration imm_timestamp -> org.hibernate.type.BasicTypeReference@2bda7a5b
2024-04-23T21:05:26.713-04:00 DEBUG 6056 --- [usuarios] [           main] org.hibernate.type.BasicTypeRegistry     : Adding type registration imm_calendar -> org.hibernate.type.BasicTypeReference@47374fa5
2024-04-23T21:05:26.713-04:00 DEBUG 6056 --- [usuarios] [           main] org.hibernate.type.BasicTypeRegistry     : Adding type registration imm_calendar_date -> org.hibernate.type.BasicTypeReference@289da1bc
2024-04-23T21:05:26.713-04:00 DEBUG 6056 --- [usuarios] [           main] org.hibernate.type.BasicTypeRegistry     : Adding type registration imm_calendar_time -> org.hibernate.type.BasicTypeReference@4e1b5532
2024-04-23T21:05:26.713-04:00 DEBUG 6056 --- [usuarios] [           main] org.hibernate.type.BasicTypeRegistry     : Adding type registration imm_binary -> org.hibernate.type.BasicTypeReference@366bf608
2024-04-23T21:05:26.713-04:00 DEBUG 6056 --- [usuarios] [           main] org.hibernate.type.BasicTypeRegistry     : Adding type registration imm_serializable -> org.hibernate.type.BasicTypeReference@4b5cdd07
2024-04-23T21:05:26.719-04:00 DEBUG 6056 --- [usuarios] [           main] o.h.boot.internal.BootstrapContextImpl   : Injecting JPA temp ClassLoader [org.springframework.instrument.classloading.SimpleThrowawayClassLoader@66a93b25] into BootstrapContext; was [null]
2024-04-23T21:05:26.719-04:00 DEBUG 6056 --- [usuarios] [           main] o.h.boot.internal.ClassLoaderAccessImpl  : ClassLoaderAccessImpl#injectTempClassLoader(org.springframework.instrument.classloading.SimpleThrowawayClassLoader@66a93b25) [was null]
2024-04-23T21:05:26.719-04:00 DEBUG 6056 --- [usuarios] [           main] o.h.boot.internal.BootstrapContextImpl   : Injecting ScanEnvironment [org.hibernate.jpa.boot.internal.StandardJpaScanEnvironmentImpl@2c731a16] into BootstrapContext; was [null]
2024-04-23T21:05:26.719-04:00 DEBUG 6056 --- [usuarios] [           main] o.h.boot.internal.BootstrapContextImpl   : Injecting ScanOptions [org.hibernate.boot.archive.scan.internal.StandardScanOptions@2a341e3d] into BootstrapContext; was [org.hibernate.boot.archive.scan.internal.StandardScanOptions@a4dcede]
2024-04-23T21:05:26.759-04:00  INFO 6056 --- [usuarios] [           main] o.s.o.j.p.SpringPersistenceUnitInfo      : No LoadTimeWeaver setup: ignoring JPA class transformer
2024-04-23T21:05:26.760-04:00 DEBUG 6056 --- [usuarios] [           main] o.h.boot.internal.BootstrapContextImpl   : Injecting JPA temp ClassLoader [null] into BootstrapContext; was [org.springframework.instrument.classloading.SimpleThrowawayClassLoader@66a93b25]
2024-04-23T21:05:26.760-04:00 DEBUG 6056 --- [usuarios] [           main] o.h.boot.internal.ClassLoaderAccessImpl  : ClassLoaderAccessImpl#injectTempClassLoader(null) [was org.springframework.instrument.classloading.SimpleThrowawayClassLoader@66a93b25]
2024-04-23T21:05:26.798-04:00  INFO 6056 --- [usuarios] [           main] com.zaxxer.hikari.HikariDataSource       : HikariPool-1 - Starting...
2024-04-23T21:05:26.802-04:00  WARN 6056 --- [usuarios] [           main] c.zaxxer.hikari.util.DriverDataSource    : Registered driver with driverClassName=oracle.jdbc.driver.OracleDriver was not found, trying direct instantiation.
2024-04-23T21:05:28.357-04:00  INFO 6056 --- [usuarios] [           main] com.zaxxer.hikari.pool.HikariPool        : HikariPool-1 - Added connection oracle.jdbc.driver.T4CConnection@3c7db0e8
2024-04-23T21:05:28.359-04:00  INFO 6056 --- [usuarios] [           main] com.zaxxer.hikari.HikariDataSource       : HikariPool-1 - Start completed.
2024-04-23T21:05:28.366-04:00 DEBUG 6056 --- [usuarios] [           main] o.h.e.j.e.i.JdbcEnvironmentInitiator     : Database ->
       name : Oracle
    version : Oracle Database 19c Enterprise Edition Release 19.0.0.0.0 - Production
Version 19.23.0.1.0
      major : 19
      minor : 0
2024-04-23T21:05:28.366-04:00 DEBUG 6056 --- [usuarios] [           main] o.h.e.j.e.i.JdbcEnvironmentInitiator     : Driver ->
       name : Oracle JDBC driver
    version : 21.9.0.0.0
      major : 21
      minor : 9
2024-04-23T21:05:28.366-04:00 DEBUG 6056 --- [usuarios] [           main] o.h.e.j.e.i.JdbcEnvironmentInitiator     : JDBC version : 4.3
2024-04-23T21:05:28.632-04:00  WARN 6056 --- [usuarios] [           main] org.hibernate.orm.deprecation            : HHH90000025: OracleDialect does not need to be specified explicitly using 'hibernate.dialect' (remove the property setting and it will be selected by default)
2024-04-23T21:05:28.633-04:00 DEBUG 6056 --- [usuarios] [           main] org.hibernate.orm.dialect                : HHH035001: Using dialect: org.hibernate.dialect.OracleDialect, version: 19.0
2024-04-23T21:05:28.703-04:00 DEBUG 6056 --- [usuarios] [           main] o.h.t.d.jdbc.spi.JdbcTypeRegistry        : addDescriptor(NCharTypeDescriptor) replaced previous registration(CharTypeDescriptor)
2024-04-23T21:05:28.703-04:00 DEBUG 6056 --- [usuarios] [           main] o.h.t.d.jdbc.spi.JdbcTypeRegistry        : addDescriptor(NVarcharTypeDescriptor) replaced previous registration(VarcharTypeDescriptor)
2024-04-23T21:05:28.703-04:00 DEBUG 6056 --- [usuarios] [           main] o.h.t.d.jdbc.spi.JdbcTypeRegistry        : addDescriptor(LongNVarcharTypeDescriptor) replaced previous registration(LongVarcharTypeDescriptor)
2024-04-23T21:05:28.706-04:00 DEBUG 6056 --- [usuarios] [           main] o.h.t.d.jdbc.spi.JdbcTypeRegistry        : addDescriptor(NClobTypeDescriptor(DEFAULT)) replaced previous registration(ClobTypeDescriptor(DEFAULT))
2024-04-23T21:05:28.706-04:00 DEBUG 6056 --- [usuarios] [           main] o.h.t.d.jdbc.spi.JdbcTypeRegistry        : addDescriptor(2005, ClobTypeDescriptor(STREAM_BINDING)) replaced previous registration(ClobTypeDescriptor(DEFAULT))
2024-04-23T21:05:28.708-04:00 DEBUG 6056 --- [usuarios] [           main] o.h.t.d.jdbc.spi.JdbcTypeRegistry        : addDescriptor(BooleanTypeDescriptor) replaced previous registration(BooleanTypeDescriptor)
2024-04-23T21:05:28.722-04:00 DEBUG 6056 --- [usuarios] [           main] org.hibernate.type.BasicTypeRegistry     : Adding type registration null -> org.hibernate.type.NullType@1fe2c5ad
2024-04-23T21:05:28.722-04:00 DEBUG 6056 --- [usuarios] [           main] org.hibernate.type.BasicTypeRegistry     : Type registration key [null] overrode previous entry : `org.hibernate.type.NullType@28888124`
2024-04-23T21:05:28.722-04:00 DEBUG 6056 --- [usuarios] [           main] org.hibernate.type.BasicTypeRegistry     : Adding type registration JAVA_OBJECT -> org.hibernate.type.JavaObjectType@193c3b1c
2024-04-23T21:05:28.722-04:00 DEBUG 6056 --- [usuarios] [           main] org.hibernate.type.BasicTypeRegistry     : Adding type registration java.lang.Object -> org.hibernate.type.JavaObjectType@193c3b1c
2024-04-23T21:05:28.722-04:00 DEBUG 6056 --- [usuarios] [           main] org.hibernate.type.BasicTypeRegistry     : Type registration key [java.lang.Object] overrode previous entry : `org.hibernate.type.JavaObjectType@73db7df0`
2024-04-23T21:05:28.726-04:00 DEBUG 6056 --- [usuarios] [           main] org.hibernate.type.BasicTypeRegistry     : Adding type registration org.hibernate.type.DurationType -> basicType@1(java.time.Duration,3015)
2024-04-23T21:05:28.726-04:00 DEBUG 6056 --- [usuarios] [           main] org.hibernate.type.BasicTypeRegistry     : Adding type registration Duration -> basicType@1(java.time.Duration,3015)
2024-04-23T21:05:28.726-04:00 DEBUG 6056 --- [usuarios] [           main] org.hibernate.type.BasicTypeRegistry     : Adding type registration java.time.Duration -> basicType@1(java.time.Duration,3015)
2024-04-23T21:05:28.731-04:00 DEBUG 6056 --- [usuarios] [           main] o.h.type.spi.TypeConfiguration$Scope     : Scoping TypeConfiguration [org.hibernate.type.spi.TypeConfiguration@6aed4a23] to MetadataBuildingContext [org.hibernate.boot.internal.MetadataBuildingContextRootImpl@40b678b3]
2024-04-23T21:05:28.795-04:00 DEBUG 6056 --- [usuarios] [           main] o.h.boot.model.relational.Namespace      : Created database namespace [logicalName=Name{catalog=null, schema=null}, physicalName=Name{catalog=null, schema=null}]
2024-04-23T21:05:28.836-04:00 DEBUG 6056 --- [usuarios] [           main] o.h.boot.model.internal.EntityBinder     : Binding entity from annotated class: com.gestorusuario.usuarios.model.Perfil
2024-04-23T21:05:28.849-04:00 DEBUG 6056 --- [usuarios] [           main] o.h.boot.model.internal.EntityBinder     : Import with entity name Perfil
2024-04-23T21:05:28.859-04:00 DEBUG 6056 --- [usuarios] [           main] o.h.boot.model.internal.EntityBinder     : Bind entity com.gestorusuario.usuarios.model.Perfil on table perfil
2024-04-23T21:05:28.873-04:00 DEBUG 6056 --- [usuarios] [           main] o.h.boot.model.internal.AnnotatedColumn  : Binding column: AnnotatedDiscriminatorColumn(column='DTYPE')
2024-04-23T21:05:28.887-04:00 DEBUG 6056 --- [usuarios] [           main] o.h.boot.model.internal.AnnotatedColumn  : Binding column: AnnotatedColumn(column='idperfil')
2024-04-23T21:05:28.888-04:00 DEBUG 6056 --- [usuarios] [           main] o.h.boot.internal.ClassLoaderAccessImpl  : Not known whether passed class name [com.gestorusuario.usuarios.model.Perfil] is safe
2024-04-23T21:05:28.888-04:00 DEBUG 6056 --- [usuarios] [           main] o.h.boot.internal.ClassLoaderAccessImpl  : No temp ClassLoader provided; using live ClassLoader for loading potentially unsafe class : com.gestorusuario.usuarios.model.Perfil
2024-04-23T21:05:28.893-04:00 DEBUG 6056 --- [usuarios] [           main] o.h.boot.model.internal.PropertyBinder   : MetadataSourceProcessor property idperfil with lazy=false
2024-04-23T21:05:28.901-04:00 DEBUG 6056 --- [usuarios] [           main] o.h.b.m.internal.AbstractPropertyHolder  : Attempting to locate auto-apply AttributeConverter for property [com.gestorusuario.usuarios.model.Perfil:idperfil]
2024-04-23T21:05:28.905-04:00 DEBUG 6056 --- [usuarios] [           main] o.h.b.model.internal.BasicValueBinder    : building BasicValue for idperfil
2024-04-23T21:05:28.908-04:00 DEBUG 6056 --- [usuarios] [           main] org.hibernate.mapping.BasicValue         : Skipping column re-registration: perfil.idperfil
2024-04-23T21:05:28.909-04:00 DEBUG 6056 --- [usuarios] [           main] o.h.boot.model.internal.PropertyBinder   : Building property idperfil
2024-04-23T21:05:28.914-04:00 DEBUG 6056 --- [usuarios] [           main] o.h.boot.model.internal.BinderHelper     : #makeIdGenerator(BasicValue([Column(idperfil)]), idperfil, identity, , ...)
2024-04-23T21:05:28.915-04:00 DEBUG 6056 --- [usuarios] [           main] o.h.boot.model.internal.AnnotatedColumn  : Binding column: AnnotatedColumn(column='descripcion')
2024-04-23T21:05:28.915-04:00 DEBUG 6056 --- [usuarios] [           main] o.h.boot.model.internal.PropertyBinder   : MetadataSourceProcessor property descripcion with lazy=false
2024-04-23T21:05:28.915-04:00 DEBUG 6056 --- [usuarios] [           main] o.h.b.m.internal.AbstractPropertyHolder  : Attempting to locate auto-apply AttributeConverter for property [com.gestorusuario.usuarios.model.Perfil:descripcion]
2024-04-23T21:05:28.915-04:00 DEBUG 6056 --- [usuarios] [           main] o.h.b.model.internal.BasicValueBinder    : building BasicValue for descripcion
2024-04-23T21:05:28.915-04:00 DEBUG 6056 --- [usuarios] [           main] org.hibernate.mapping.BasicValue         : Skipping column re-registration: perfil.descripcion
2024-04-23T21:05:28.915-04:00 DEBUG 6056 --- [usuarios] [           main] o.h.boot.model.internal.PropertyBinder   : Building property descripcion
2024-04-23T21:05:28.916-04:00 DEBUG 6056 --- [usuarios] [           main] o.h.boot.model.internal.AnnotatedColumn  : Binding column: AnnotatedColumn(column='nombreperfil')
2024-04-23T21:05:28.916-04:00 DEBUG 6056 --- [usuarios] [           main] o.h.boot.model.internal.PropertyBinder   : MetadataSourceProcessor property nombreperfil with lazy=false
2024-04-23T21:05:28.916-04:00 DEBUG 6056 --- [usuarios] [           main] o.h.b.m.internal.AbstractPropertyHolder  : Attempting to locate auto-apply AttributeConverter for property [com.gestorusuario.usuarios.model.Perfil:nombreperfil]
2024-04-23T21:05:28.916-04:00 DEBUG 6056 --- [usuarios] [           main] o.h.b.model.internal.BasicValueBinder    : building BasicValue for nombreperfil
2024-04-23T21:05:28.916-04:00 DEBUG 6056 --- [usuarios] [           main] org.hibernate.mapping.BasicValue         : Skipping column re-registration: perfil.nombreperfil
2024-04-23T21:05:28.916-04:00 DEBUG 6056 --- [usuarios] [           main] o.h.boot.model.internal.PropertyBinder   : Building property nombreperfil
2024-04-23T21:05:28.917-04:00 DEBUG 6056 --- [usuarios] [           main] o.h.b.r.c.i.ClassLoaderServiceImpl       : HHH000194: Package not found or wo package-info.java: com.gestorusuario.usuarios.model
2024-04-23T21:05:28.934-04:00 DEBUG 6056 --- [usuarios] [           main] o.h.boot.model.internal.EntityBinder     : Binding entity from annotated class: com.gestorusuario.usuarios.model.Usuario
2024-04-23T21:05:28.935-04:00 DEBUG 6056 --- [usuarios] [           main] o.h.boot.model.internal.EntityBinder     : Import with entity name Usuario
2024-04-23T21:05:28.935-04:00 DEBUG 6056 --- [usuarios] [           main] o.h.boot.model.internal.EntityBinder     : Bind entity com.gestorusuario.usuarios.model.Usuario on table usuario
2024-04-23T21:05:28.935-04:00 DEBUG 6056 --- [usuarios] [           main] o.h.boot.model.internal.AnnotatedColumn  : Binding column: AnnotatedDiscriminatorColumn(column='DTYPE')
2024-04-23T21:05:28.936-04:00 DEBUG 6056 --- [usuarios] [           main] o.h.boot.model.internal.AnnotatedColumn  : Binding column: AnnotatedColumn(column='id')
2024-04-23T21:05:28.936-04:00 DEBUG 6056 --- [usuarios] [           main] o.h.boot.internal.ClassLoaderAccessImpl  : Not known whether passed class name [com.gestorusuario.usuarios.model.Usuario] is safe
2024-04-23T21:05:28.936-04:00 DEBUG 6056 --- [usuarios] [           main] o.h.boot.internal.ClassLoaderAccessImpl  : No temp ClassLoader provided; using live ClassLoader for loading potentially unsafe class : com.gestorusuario.usuarios.model.Usuario
2024-04-23T21:05:28.936-04:00 DEBUG 6056 --- [usuarios] [           main] o.h.boot.model.internal.PropertyBinder   : MetadataSourceProcessor property id with lazy=false
2024-04-23T21:05:28.936-04:00 DEBUG 6056 --- [usuarios] [           main] o.h.b.m.internal.AbstractPropertyHolder  : Attempting to locate auto-apply AttributeConverter for property [com.gestorusuario.usuarios.model.Usuario:id]
2024-04-23T21:05:28.936-04:00 DEBUG 6056 --- [usuarios] [           main] o.h.b.model.internal.BasicValueBinder    : building BasicValue for id
2024-04-23T21:05:28.936-04:00 DEBUG 6056 --- [usuarios] [           main] org.hibernate.mapping.BasicValue         : Skipping column re-registration: usuario.id
2024-04-23T21:05:28.936-04:00 DEBUG 6056 --- [usuarios] [           main] o.h.boot.model.internal.PropertyBinder   : Building property id
2024-04-23T21:05:28.937-04:00 DEBUG 6056 --- [usuarios] [           main] o.h.boot.model.internal.BinderHelper     : #makeIdGenerator(BasicValue([Column(id)]), id, identity, , ...)
2024-04-23T21:05:28.937-04:00 DEBUG 6056 --- [usuarios] [           main] o.h.boot.model.internal.AnnotatedColumn  : Binding column: AnnotatedColumn(column='nombre')
2024-04-23T21:05:28.937-04:00 DEBUG 6056 --- [usuarios] [           main] o.h.boot.model.internal.PropertyBinder   : MetadataSourceProcessor property nombre with lazy=false
2024-04-23T21:05:28.937-04:00 DEBUG 6056 --- [usuarios] [           main] o.h.b.m.internal.AbstractPropertyHolder  : Attempting to locate auto-apply AttributeConverter for property [com.gestorusuario.usuarios.model.Usuario:nombre]
2024-04-23T21:05:28.937-04:00 DEBUG 6056 --- [usuarios] [           main] o.h.b.model.internal.BasicValueBinder    : building BasicValue for nombre
2024-04-23T21:05:28.937-04:00 DEBUG 6056 --- [usuarios] [           main] org.hibernate.mapping.BasicValue         : Skipping column re-registration: usuario.nombre
2024-04-23T21:05:28.937-04:00 DEBUG 6056 --- [usuarios] [           main] o.h.boot.model.internal.PropertyBinder   : Building property nombre
2024-04-23T21:05:28.938-04:00 DEBUG 6056 --- [usuarios] [           main] o.h.boot.model.internal.AnnotatedColumn  : Binding column: AnnotatedColumn(column='password')
2024-04-23T21:05:28.938-04:00 DEBUG 6056 --- [usuarios] [           main] o.h.boot.model.internal.PropertyBinder   : MetadataSourceProcessor property password with lazy=false
2024-04-23T21:05:28.938-04:00 DEBUG 6056 --- [usuarios] [           main] o.h.b.m.internal.AbstractPropertyHolder  : Attempting to locate auto-apply AttributeConverter for property [com.gestorusuario.usuarios.model.Usuario:password]
2024-04-23T21:05:28.938-04:00 DEBUG 6056 --- [usuarios] [           main] o.h.b.model.internal.BasicValueBinder    : building BasicValue for password
2024-04-23T21:05:28.938-04:00 DEBUG 6056 --- [usuarios] [           main] org.hibernate.mapping.BasicValue         : Skipping column re-registration: usuario.password
2024-04-23T21:05:28.938-04:00 DEBUG 6056 --- [usuarios] [           main] o.h.boot.model.internal.PropertyBinder   : Building property password
2024-04-23T21:05:28.941-04:00 DEBUG 6056 --- [usuarios] [           main] o.h.boot.model.internal.AnnotatedColumn  : Binding column: AnnotatedJoinColumn(column='idperfil')
2024-04-23T21:05:28.943-04:00 DEBUG 6056 --- [usuarios] [           main] o.h.boot.model.internal.AnnotatedColumn  : Binding column: AnnotatedColumn()
2024-04-23T21:05:28.953-04:00 DEBUG 6056 --- [usuarios] [           main] o.h.boot.model.internal.PropertyBinder   : Building property perfil
2024-04-23T21:05:28.954-04:00 DEBUG 6056 --- [usuarios] [           main] o.h.b.r.c.i.ClassLoaderServiceImpl       : HHH000194: Package not found or wo package-info.java: com.gestorusuario.usuarios.model
2024-04-23T21:05:28.955-04:00 DEBUG 6056 --- [usuarios] [           main] o.h.b.model.internal.BasicValueBinder    : Starting `BasicValueBinder#fillSimpleValue` for idperfil
2024-04-23T21:05:28.956-04:00 DEBUG 6056 --- [usuarios] [           main] o.h.b.model.internal.BasicValueBinder    : Starting `BasicValueBinder#fillSimpleValue` for descripcion
2024-04-23T21:05:28.957-04:00 DEBUG 6056 --- [usuarios] [           main] o.h.b.model.internal.BasicValueBinder    : Starting `BasicValueBinder#fillSimpleValue` for nombreperfil
2024-04-23T21:05:28.957-04:00 DEBUG 6056 --- [usuarios] [           main] o.h.b.model.internal.BasicValueBinder    : Starting `BasicValueBinder#fillSimpleValue` for id
2024-04-23T21:05:28.957-04:00 DEBUG 6056 --- [usuarios] [           main] o.h.b.model.internal.BasicValueBinder    : Starting `BasicValueBinder#fillSimpleValue` for nombre
2024-04-23T21:05:28.957-04:00 DEBUG 6056 --- [usuarios] [           main] o.h.b.model.internal.BasicValueBinder    : Starting `BasicValueBinder#fillSimpleValue` for password
2024-04-23T21:05:28.961-04:00 DEBUG 6056 --- [usuarios] [           main] org.hibernate.mapping.PrimaryKey         : Forcing column [idperfil] to be non-null as it is part of the primary key for table [perfil]
2024-04-23T21:05:28.961-04:00 DEBUG 6056 --- [usuarios] [           main] org.hibernate.mapping.PrimaryKey         : Forcing column [id] to be non-null as it is part of the primary key for table [usuario]
2024-04-23T21:05:28.964-04:00 DEBUG 6056 --- [usuarios] [           main] o.h.b.i.InFlightMetadataCollectorImpl    : Resolving reference to class: com.gestorusuario.usuarios.model.Perfil
2024-04-23T21:05:28.977-04:00 DEBUG 6056 --- [usuarios] [           main] o.h.b.i.InFlightMetadataCollectorImpl    : Resolving reference to class: com.gestorusuario.usuarios.model.Perfil
2024-04-23T21:05:29.070-04:00 DEBUG 6056 --- [usuarios] [           main] o.hibernate.internal.SessionFactoryImpl  : Building session factory
2024-04-23T21:05:29.155-04:00 DEBUG 6056 --- [usuarios] [           main] .h.s.i.SessionFactoryServiceRegistryImpl : EventListenerRegistry access via ServiceRegistry is deprecated.  Use `sessionFactory.getEventEngine().getListenerRegistry()` instead
2024-04-23T21:05:29.156-04:00 DEBUG 6056 --- [usuarios] [           main] o.hibernate.internal.SessionFactoryImpl  : Instantiating SessionFactory with settings: {java.specification.version=21, sun.cpu.isalist=amd64, hibernate.resource.beans.container=org.springframework.orm.hibernate5.SpringBeanContainer@1d86b636, hibernate.connection.handling_mode=DELAYED_ACQUISITION_AND_HOLD, sun.jnu.encoding=Cp1252, hibernate.dialect=org.hibernate.dialect.OracleDialect, hibernate.implicit_naming_strategy=org.springframework.boot.orm.jpa.hibernate.SpringImplicitNamingStrategy, java.class.path=C:\Springboot\Semana8\usuarios\target\test-classes;C:\Springboot\Semana8\usuarios\target\classes;C:\Users\dario\.m2\repository\org\springframework\boot\spring-boot-starter-actuator\3.2.4\spring-boot-starter-actuator-3.2.4.jar;C:\Users\dario\.m2\repository\org\springframework\boot\spring-boot-starter\3.2.4\spring-boot-starter-3.2.4.jar;C:\Users\dario\.m2\repository\org\springframework\boot\spring-boot-starter-logging\3.2.4\spring-boot-starter-logging-3.2.4.jar;C:\Users\dario\.m2\repository\ch\qos\logback\logback-classic\1.4.14\logback-classic-1.4.14.jar;C:\Users\dario\.m2\repository\ch\qos\logback\logback-core\1.4.14\logback-core-1.4.14.jar;C:\Users\dario\.m2\repository\org\apache\logging\log4j\log4j-to-slf4j\2.21.1\log4j-to-slf4j-2.21.1.jar;C:\Users\dario\.m2\repository\org\apache\logging\log4j\log4j-api\2.21.1\log4j-api-2.21.1.jar;C:\Users\dario\.m2\repository\org\slf4j\jul-to-slf4j\2.0.12\jul-to-slf4j-2.0.12.jar;C:\Users\dario\.m2\repository\jakarta\annotation\jakarta.annotation-api\2.1.1\jakarta.annotation-api-2.1.1.jar;C:\Users\dario\.m2\repository\org\yaml\snakeyaml\2.2\snakeyaml-2.2.jar;C:\Users\dario\.m2\repository\org\springframework\boot\spring-boot-actuator-autoconfigure\3.2.4\spring-boot-actuator-autoconfigure-3.2.4.jar;C:\Users\dario\.m2\repository\org\springframework\boot\spring-boot-actuator\3.2.4\spring-boot-actuator-3.2.4.jar;C:\Users\dario\.m2\repository\com\fasterxml\jackson\core\jackson-databind\2.15.4\jackson-databind-2.15.4.jar;C:\Users\dario\.m2\repository\com\fasterxml\jackson\core\jackson-annotations\2.15.4\jackson-annotations-2.15.4.jar;C:\Users\dario\.m2\repository\com\fasterxml\jackson\core\jackson-core\2.15.4\jackson-core-2.15.4.jar;C:\Users\dario\.m2\repository\com\fasterxml\jackson\datatype\jackson-datatype-jsr310\2.15.4\jackson-datatype-jsr310-2.15.4.jar;C:\Users\dario\.m2\repository\io\micrometer\micrometer-observation\1.12.4\micrometer-observation-1.12.4.jar;C:\Users\dario\.m2\repository\io\micrometer\micrometer-commons\1.12.4\micrometer-commons-1.12.4.jar;C:\Users\dario\.m2\repository\io\micrometer\micrometer-jakarta9\1.12.4\micrometer-jakarta9-1.12.4.jar;C:\Users\dario\.m2\repository\io\micrometer\micrometer-core\1.12.4\micrometer-core-1.12.4.jar;C:\Users\dario\.m2\repository\org\hdrhistogram\HdrHistogram\2.1.12\HdrHistogram-2.1.12.jar;C:\Users\dario\.m2\repository\org\latencyutils\LatencyUtils\2.0.3\LatencyUtils-2.0.3.jar;C:\Users\dario\.m2\repository\org\springframework\boot\spring-boot-starter-data-jpa\3.2.4\spring-boot-starter-data-jpa-3.2.4.jar;C:\Users\dario\.m2\repository\org\springframework\boot\spring-boot-starter-aop\3.2.4\spring-boot-starter-aop-3.2.4.jar;C:\Users\dario\.m2\repository\org\springframework\spring-aop\6.1.5\spring-aop-6.1.5.jar;C:\Users\dario\.m2\repository\org\aspectj\aspectjweaver\1.9.21\aspectjweaver-1.9.21.jar;C:\Users\dario\.m2\repository\org\springframework\boot\spring-boot-starter-jdbc\3.2.4\spring-boot-starter-jdbc-3.2.4.jar;C:\Users\dario\.m2\repository\com\zaxxer\HikariCP\5.0.1\HikariCP-5.0.1.jar;C:\Users\dario\.m2\repository\org\springframework\spring-jdbc\6.1.5\spring-jdbc-6.1.5.jar;C:\Users\dario\.m2\repository\org\hibernate\orm\hibernate-core\6.4.4.Final\hibernate-core-6.4.4.Final.jar;C:\Users\dario\.m2\repository\jakarta\persistence\jakarta.persistence-api\3.1.0\jakarta.persistence-api-3.1.0.jar;C:\Users\dario\.m2\repository\jakarta\transaction\jakarta.transaction-api\2.0.1\jakarta.transaction-api-2.0.1.jar;C:\Users\dario\.m2\repository\org\jboss\logging\jboss-logging\3.5.3.Final\jboss-logging-3.5.3.Final.jar;C:\Users\dario\.m2\repository\org\hibernate\common\hibernate-commons-annotations\6.0.6.Final\hibernate-commons-annotations-6.0.6.Final.jar;C:\Users\dario\.m2\repository\io\smallrye\jandex\3.1.2\jandex-3.1.2.jar;C:\Users\dario\.m2\repository\com\fasterxml\classmate\1.6.0\classmate-1.6.0.jar;C:\Users\dario\.m2\repository\net\bytebuddy\byte-buddy\1.14.12\byte-buddy-1.14.12.jar;C:\Users\dario\.m2\repository\org\glassfish\jaxb\jaxb-runtime\4.0.5\jaxb-runtime-4.0.5.jar;C:\Users\dario\.m2\repository\org\glassfish\jaxb\jaxb-core\4.0.5\jaxb-core-4.0.5.jar;C:\Users\dario\.m2\repository\org\eclipse\angus\angus-activation\2.0.2\angus-activation-2.0.2.jar;C:\Users\dario\.m2\repository\org\glassfish\jaxb\txw2\4.0.5\txw2-4.0.5.jar;C:\Users\dario\.m2\repository\com\sun\istack\istack-commons-runtime\4.1.2\istack-commons-runtime-4.1.2.jar;C:\Users\dario\.m2\repository\jakarta\inject\jakarta.inject-api\2.0.1\jakarta.inject-api-2.0.1.jar;C:\Users\dario\.m2\repository\org\antlr\antlr4-runtime\4.13.0\antlr4-runtime-4.13.0.jar;C:\Users\dario\.m2\repository\org\springframework\data\spring-data-jpa\3.2.4\spring-data-jpa-3.2.4.jar;C:\Users\dario\.m2\repository\org\springframework\data\spring-data-commons\3.2.4\spring-data-commons-3.2.4.jar;C:\Users\dario\.m2\repository\org\springframework\spring-orm\6.1.5\spring-orm-6.1.5.jar;C:\Users\dario\.m2\repository\org\springframework\spring-context\6.1.5\spring-context-6.1.5.jar;C:\Users\dario\.m2\repository\org\springframework\spring-tx\6.1.5\spring-tx-6.1.5.jar;C:\Users\dario\.m2\repository\org\springframework\spring-beans\6.1.5\spring-beans-6.1.5.jar;C:\Users\dario\.m2\repository\org\slf4j\slf4j-api\2.0.12\slf4j-api-2.0.12.jar;C:\Users\dario\.m2\repository\org\springframework\spring-aspects\6.1.5\spring-aspects-6.1.5.jar;C:\Users\dario\.m2\repository\org\springframework\boot\spring-boot-starter-web\3.2.4\spring-boot-starter-web-3.2.4.jar;C:\Users\dario\.m2\repository\org\springframework\boot\spring-boot-starter-json\3.2.4\spring-boot-starter-json-3.2.4.jar;C:\Users\dario\.m2\repository\com\fasterxml\jackson\datatype\jackson-datatype-jdk8\2.15.4\jackson-datatype-jdk8-2.15.4.jar;C:\Users\dario\.m2\r
[...]

   TransactionAutoConfiguration.AspectJTransactionManagementConfiguration:
      Did not match:
         - @ConditionalOnBean (types: org.springframework.transaction.aspectj.AbstractTransactionAspect; SearchStrategy: all) did not find any beans of type org.springframework.transaction.aspectj.AbstractTransactionAspect (OnBeanCondition)

   TransactionAutoConfiguration.EnableTransactionManagementConfiguration.JdkDynamicAutoProxyConfiguration:
      Did not match:
         - @ConditionalOnProperty (spring.aop.proxy-target-class=false) did not find property 'proxy-target-class' (OnPropertyCondition)


Exclusions:
-----------

    None


Unconditional classes:
----------------------

    org.springframework.boot.test.autoconfigure.jdbc.TestDatabaseAutoConfiguration



2024-04-23T21:05:30.566-04:00  INFO 6056 --- [usuarios] [           main] c.g.u.repository.PerfilRepositoryTest    : Started PerfilRepositoryTest in 5.348 seconds (process running for 11.72)
2024-04-23T21:05:30.567-04:00 DEBUG 6056 --- [usuarios] [           main] org.springframework.test.context.cache   : Spring test ApplicationContext cache statistics: [DefaultContextCache@32dcfeea size = 2, maxSize = 32, parentContextCount = 0, hitCount = 24, missCount = 2, failureCount = 0]
2024-04-23T21:05:30.568-04:00 DEBUG 6056 --- [usuarios] [           main] org.springframework.test.context.cache   : Spring test ApplicationContext cache statistics: [DefaultContextCache@32dcfeea size = 2, maxSize = 32, parentContextCount = 0, hitCount = 25, missCount = 2, failureCount = 0]
2024-04-23T21:05:30.570-04:00 DEBUG 6056 --- [usuarios] [           main] sContextBeforeModesTestExecutionListener : Before test method: class [PerfilRepositoryTest], method [eliminarPerfilTest], class annotated with @DirtiesContext [false] with mode [null], method annotated with @DirtiesContext [false] with mode [null]
2024-04-23T21:05:30.575-04:00 DEBUG 6056 --- [usuarios] [           main] t.c.t.TransactionalTestExecutionListener : Explicit transaction definition [PROPAGATION_REQUIRED,ISOLATION_DEFAULT] found for test class [com.gestorusuario.usuarios.repository.PerfilRepositoryTest] and test method [eliminarPerfilTest]
2024-04-23T21:05:30.576-04:00 DEBUG 6056 --- [usuarios] [           main] org.springframework.test.context.cache   : Spring test ApplicationContext cache statistics: [DefaultContextCache@32dcfeea size = 2, maxSize = 32, parentContextCount = 0, hitCount = 26, missCount = 2, failureCount = 0]
2024-04-23T21:05:30.580-04:00 DEBUG 6056 --- [usuarios] [           main] t.c.t.TransactionalTestExecutionListener : No method-level @Rollback override: using default rollback [true] for test method [public void com.gestorusuario.usuarios.repository.PerfilRepositoryTest.eliminarPerfilTest()]
2024-04-23T21:05:30.581-04:00 DEBUG 6056 --- [usuarios] [           main] o.s.orm.jpa.JpaTransactionManager        : Creating new transaction with name [com.gestorusuario.usuarios.repository.PerfilRepositoryTest.eliminarPerfilTest]: PROPAGATION_REQUIRED,ISOLATION_DEFAULT
2024-04-23T21:05:30.583-04:00 DEBUG 6056 --- [usuarios] [           main] o.s.orm.jpa.JpaTransactionManager        : Opened new EntityManager [SessionImpl(379784550<open>)] for JPA transaction
2024-04-23T21:05:30.587-04:00 DEBUG 6056 --- [usuarios] [           main] o.h.e.t.internal.TransactionImpl         : On TransactionImpl creation, JpaCompliance#isJpaTransactionComplianceEnabled == false
2024-04-23T21:05:30.587-04:00 DEBUG 6056 --- [usuarios] [           main] o.h.e.t.internal.TransactionImpl         : begin
2024-04-23T21:05:30.600-04:00 DEBUG 6056 --- [usuarios] [           main] o.s.orm.jpa.JpaTransactionManager        : Exposing JPA transaction as JDBC [org.springframework.orm.jpa.vendor.HibernateJpaDialect$HibernateConnectionHandle@12418d3f]
2024-04-23T21:05:30.601-04:00 DEBUG 6056 --- [usuarios] [           main] o.s.t.c.transaction.TransactionContext   : Began transaction (1) for test class [com.gestorusuario.usuarios.repository.PerfilRepositoryTest]; test method [eliminarPerfilTest]; transaction manager [org.springframework.orm.jpa.JpaTransactionManager@489a722d]; rollback [true]
2024-04-23T21:05:30.602-04:00 DEBUG 6056 --- [usuarios] [           main] org.springframework.test.context.cache   : Spring test ApplicationContext cache statistics: [DefaultContextCache@32dcfeea size = 2, maxSize = 32, parentContextCount = 0, hitCount = 27, missCount = 2, failureCount = 0]
2024-04-23T21:05:30.603-04:00 DEBUG 6056 --- [usuarios] [           main] org.springframework.test.context.cache   : Spring test ApplicationContext cache statistics: [DefaultContextCache@32dcfeea size = 2, maxSize = 32, parentContextCount = 0, hitCount = 28, missCount = 2, failureCount = 0]
2024-04-23T21:05:30.604-04:00 DEBUG 6056 --- [usuarios] [           main] org.springframework.test.context.cache   : Spring test ApplicationContext cache statistics: [DefaultContextCache@32dcfeea size = 2, maxSize = 32, parentContextCount = 0, hitCount = 29, missCount = 2, failureCount = 0]
2024-04-23T21:05:30.615-04:00 DEBUG 6056 --- [usuarios] [           main] o.s.orm.jpa.JpaTransactionManager        : Found thread-bound EntityManager [SessionImpl(379784550<open>)] for JPA transaction
2024-04-23T21:05:30.616-04:00 DEBUG 6056 --- [usuarios] [           main] o.s.orm.jpa.JpaTransactionManager        : Participating in existing transaction
2024-04-23T21:05:30.623-04:00 DEBUG 6056 --- [usuarios] [           main] o.h.j.internal.PersistenceUnitUtilImpl   : jakarta.persistence.PersistenceUnitUtil.getIdentifier is only intended to work with enhanced entities (although Hibernate also adapts this support to its proxies); however the passed entity was not enhanced (nor a proxy).. may not be able to read identifier
2024-04-23T21:05:30.653-04:00 DEBUG 6056 --- [usuarios] [           main] org.hibernate.engine.spi.ActionQueue     : Executing identity-insert immediately
2024-04-23T21:05:30.667-04:00 DEBUG 6056 --- [usuarios] [           main] org.hibernate.SQL                        : insert into perfil (descripcion,nombreperfil,idperfil) values (?,?,default)
Hibernate: insert into perfil (descripcion,nombreperfil,idperfil) values (?,?,default)
2024-04-23T21:05:30.731-04:00 DEBUG 6056 --- [usuarios] [           main] o.h.id.IdentifierGeneratorHelper         : Natively generated identity (com.gestorusuario.usuarios.model.Perfil) : 143
2024-04-23T21:05:30.736-04:00 DEBUG 6056 --- [usuarios] [           main] o.s.orm.jpa.JpaTransactionManager        : Found thread-bound EntityManager [SessionImpl(379784550<open>)] for JPA transaction
2024-04-23T21:05:30.736-04:00 DEBUG 6056 --- [usuarios] [           main] o.s.orm.jpa.JpaTransactionManager        : Participating in existing transaction
2024-04-23T21:05:30.742-04:00 DEBUG 6056 --- [usuarios] [           main] o.h.j.internal.PersistenceUnitUtilImpl   : jakarta.persistence.PersistenceUnitUtil.getIdentifier is only intended to work with enhanced entities (although Hibernate also adapts this support to its proxies); however the passed entity was not enhanced (nor a proxy).. may not be able to read identifier
2024-04-23T21:05:30.743-04:00 DEBUG 6056 --- [usuarios] [           main] o.h.j.internal.PersistenceUnitUtilImpl   : jakarta.persistence.PersistenceUnitUtil.getIdentifier is only intended to work with enhanced entities (although Hibernate also adapts this support to its proxies); however the passed entity was not enhanced (nor a proxy).. may not be able to read identifier
2024-04-23T21:05:30.749-04:00 DEBUG 6056 --- [usuarios] [           main] o.s.orm.jpa.JpaTransactionManager        : Found thread-bound EntityManager [SessionImpl(379784550<open>)] for JPA transaction
2024-04-23T21:05:30.749-04:00 DEBUG 6056 --- [usuarios] [           main] o.s.orm.jpa.JpaTransactionManager        : Participating in existing transaction
2024-04-23T21:05:30.753-04:00 DEBUG 6056 --- [usuarios] [           main] org.hibernate.orm.results.loading        : Load request found matching entity in context, but it is scheduled for removal; returning null
2024-04-23T21:05:30.759-04:00 DEBUG 6056 --- [usuarios] [           main] org.springframework.test.context.cache   : Spring test ApplicationContext cache statistics: [DefaultContextCache@32dcfeea size = 2, maxSize = 32, parentContextCount = 0, hitCount = 30, missCount = 2, failureCount = 0]
2024-04-23T21:05:30.760-04:00 DEBUG 6056 --- [usuarios] [           main] org.springframework.test.context.cache   : Spring test ApplicationContext cache statistics: [DefaultContextCache@32dcfeea size = 2, maxSize = 32, parentContextCount = 0, hitCount = 31, missCount = 2, failureCount = 0]
2024-04-23T21:05:30.760-04:00 DEBUG 6056 --- [usuarios] [           main] org.springframework.test.context.cache   : Spring test ApplicationContext cache statistics: [DefaultContextCache@32dcfeea size = 2, maxSize = 32, parentContextCount = 0, hitCount = 32, missCount = 2, failureCount = 0]
2024-04-23T21:05:30.760-04:00 DEBUG 6056 --- [usuarios] [           main] org.springframework.test.context.cache   : Spring test ApplicationContext cache statistics: [DefaultContextCache@32dcfeea size = 2, maxSize = 32, parentContextCount = 0, hitCount = 33, missCount = 2, failureCount = 0]
2024-04-23T21:05:30.760-04:00 DEBUG 6056 --- [usuarios] [           main] org.springframework.test.context.cache   : Spring test ApplicationContext cache statistics: [DefaultContextCache@32dcfeea size = 2, maxSize = 32, parentContextCount = 0, hitCount = 34, missCount = 2, failureCount = 0]
2024-04-23T21:05:30.761-04:00 DEBUG 6056 --- [usuarios] [           main] org.springframework.test.context.cache   : Spring test ApplicationContext cache statistics: [DefaultContextCache@32dcfeea size = 2, maxSize = 32, parentContextCount = 0, hitCount = 35, missCount = 2, failureCount = 0]
2024-04-23T21:05:30.761-04:00 DEBUG 6056 --- [usuarios] [           main] o.s.orm.jpa.JpaTransactionManager        : Initiating transaction rollback
2024-04-23T21:05:30.762-04:00 DEBUG 6056 --- [usuarios] [           main] o.s.orm.jpa.JpaTransactionManager        : Rolling back JPA transaction on EntityManager [SessionImpl(379784550<open>)]
2024-04-23T21:05:30.762-04:00 DEBUG 6056 --- [usuarios] [           main] o.h.e.t.internal.TransactionImpl         : rolling back
2024-04-23T21:05:30.772-04:00 DEBUG 6056 --- [usuarios] [           main] o.s.orm.jpa.JpaTransactionManager        : Closing JPA EntityManager [SessionImpl(379784550<open>)] after transaction
2024-04-23T21:05:30.772-04:00 DEBUG 6056 --- [usuarios] [           main] o.s.t.c.transaction.TransactionContext   : Rolled back transaction (1) for test class [com.gestorusuario.usuarios.repository.PerfilRepositoryTest]; test method [eliminarPerfilTest]
2024-04-23T21:05:30.773-04:00 DEBUG 6056 --- [usuarios] [           main] .c.s.DirtiesContextTestExecutionListener : After test method: class [PerfilRepositoryTest], method [eliminarPerfilTest], class annotated with @DirtiesContext [false] with mode [null], method annotated with @DirtiesContext [false] with mode [null]
]]></system-out>
  </testcase>
  <testcase name="guardarPerfilTest" classname="com.gestorusuario.usuarios.repository.PerfilRepositoryTest" time="0.021">
    <system-out><![CDATA[2024-04-23T21:05:30.774-04:00 DEBUG 6056 --- [usuarios] [           main] DependencyInjectionTestExecutionListener : Performing dependency injection for test class com.gestorusuario.usuarios.repository.PerfilRepositoryTest
2024-04-23T21:05:30.774-04:00 DEBUG 6056 --- [usuarios] [           main] org.springframework.test.context.cache   : Spring test ApplicationContext cache statistics: [DefaultContextCache@32dcfeea size = 2, maxSize = 32, parentContextCount = 0, hitCount = 36, missCount = 2, failureCount = 0]
2024-04-23T21:05:30.774-04:00 DEBUG 6056 --- [usuarios] [           main] org.springframework.test.context.cache   : Spring test ApplicationContext cache statistics: [DefaultContextCache@32dcfeea size = 2, maxSize = 32, parentContextCount = 0, hitCount = 37, missCount = 2, failureCount = 0]
2024-04-23T21:05:30.775-04:00 DEBUG 6056 --- [usuarios] [           main] sContextBeforeModesTestExecutionListener : Before test method: class [PerfilRepositoryTest], method [guardarPerfilTest], class annotated with @DirtiesContext [false] with mode [null], method annotated with @DirtiesContext [false] with mode [null]
2024-04-23T21:05:30.775-04:00 DEBUG 6056 --- [usuarios] [           main] t.c.t.TransactionalTestExecutionListener : Explicit transaction definition [PROPAGATION_REQUIRED,ISOLATION_DEFAULT] found for test class [com.gestorusuario.usuarios.repository.PerfilRepositoryTest] and test method [guardarPerfilTest]
2024-04-23T21:05:30.776-04:00 DEBUG 6056 --- [usuarios] [           main] org.springframework.test.context.cache   : Spring test ApplicationContext cache statistics: [DefaultContextCache@32dcfeea size = 2, maxSize = 32, parentContextCount = 0, hitCount = 38, missCount = 2, failureCount = 0]
2024-04-23T21:05:30.776-04:00 DEBUG 6056 --- [usuarios] [           main] t.c.t.TransactionalTestExecutionListener : No method-level @Rollback override: using default rollback [true] for test method [public void com.gestorusuario.usuarios.repository.PerfilRepositoryTest.guardarPerfilTest()]
2024-04-23T21:05:30.776-04:00 DEBUG 6056 --- [usuarios] [           main] o.s.orm.jpa.JpaTransactionManager        : Creating new transaction with name [com.gestorusuario.usuarios.repository.PerfilRepositoryTest.guardarPerfilTest]: PROPAGATION_REQUIRED,ISOLATION_DEFAULT
2024-04-23T21:05:30.776-04:00 DEBUG 6056 --- [usuarios] [           main] o.s.orm.jpa.JpaTransactionManager        : Opened new EntityManager [SessionImpl(194466032<open>)] for JPA transaction
2024-04-23T21:05:30.776-04:00 DEBUG 6056 --- [usuarios] [           main] o.h.e.t.internal.TransactionImpl         : On TransactionImpl creation, JpaCompliance#isJpaTransactionComplianceEnabled == false
2024-04-23T21:05:30.776-04:00 DEBUG 6056 --- [usuarios] [           main] o.h.e.t.internal.TransactionImpl         : begin
2024-04-23T21:05:30.776-04:00 DEBUG 6056 --- [usuarios] [           main] o.s.orm.jpa.JpaTransactionManager        : Exposing JPA transaction as JDBC [org.springframework.orm.jpa.vendor.HibernateJpaDialect$HibernateConnectionHandle@2d854c13]
2024-04-23T21:05:30.776-04:00 DEBUG 6056 --- [usuarios] [           main] o.s.t.c.transaction.TransactionContext   : Began transaction (1) for test class [com.gestorusuario.usuarios.repository.PerfilRepositoryTest]; test method [guardarPerfilTest]; transaction manager [org.springframework.orm.jpa.JpaTransactionManager@489a722d]; rollback [true]
2024-04-23T21:05:30.777-04:00 DEBUG 6056 --- [usuarios] [           main] org.springframework.test.context.cache   : Spring test ApplicationContext cache statistics: [DefaultContextCache@32dcfeea size = 2, maxSize = 32, parentContextCount = 0, hitCount = 39, missCount = 2, failureCount = 0]
2024-04-23T21:05:30.777-04:00 DEBUG 6056 --- [usuarios] [           main] org.springframework.test.context.cache   : Spring test ApplicationContext cache statistics: [DefaultContextCache@32dcfeea size = 2, maxSize = 32, parentContextCount = 0, hitCount = 40, missCount = 2, failureCount = 0]
2024-04-23T21:05:30.778-04:00 DEBUG 6056 --- [usuarios] [           main] org.springframework.test.context.cache   : Spring test ApplicationContext cache statistics: [DefaultContextCache@32dcfeea size = 2, maxSize = 32, parentContextCount = 0, hitCount = 41, missCount = 2, failureCount = 0]
2024-04-23T21:05:30.778-04:00 DEBUG 6056 --- [usuarios] [           main] o.s.orm.jpa.JpaTransactionManager        : Found thread-bound EntityManager [SessionImpl(194466032<open>)] for JPA transaction
2024-04-23T21:05:30.778-04:00 DEBUG 6056 --- [usuarios] [           main] o.s.orm.jpa.JpaTransactionManager        : Participating in existing transaction
2024-04-23T21:05:30.778-04:00 DEBUG 6056 --- [usuarios] [           main] o.h.j.internal.PersistenceUnitUtilImpl   : jakarta.persistence.PersistenceUnitUtil.getIdentifier is only intended to work with enhanced entities (although Hibernate also adapts this support to its proxies); however the passed entity was not enhanced (nor a proxy).. may not be able to read identifier
2024-04-23T21:05:30.779-04:00 DEBUG 6056 --- [usuarios] [           main] org.hibernate.engine.spi.ActionQueue     : Executing identity-insert immediately
2024-04-23T21:05:30.779-04:00 DEBUG 6056 --- [usuarios] [           main] org.hibernate.SQL                        : insert into perfil (descripcion,nombreperfil,idperfil) values (?,?,default)
Hibernate: insert into perfil (descripcion,nombreperfil,idperfil) values (?,?,default)
2024-04-23T21:05:30.787-04:00 DEBUG 6056 --- [usuarios] [           main] o.h.id.IdentifierGeneratorHelper         : Natively generated identity (com.gestorusuario.usuarios.model.Perfil) : 144
2024-04-23T21:05:30.790-04:00 DEBUG 6056 --- [usuarios] [           main] org.springframework.test.context.cache   : Spring test ApplicationContext cache statistics: [DefaultContextCache@32dcfeea size = 2, maxSize = 32, parentContextCount = 0, hitCount = 42, missCount = 2, failureCount = 0]
2024-04-23T21:05:30.790-04:00 DEBUG 6056 --- [usuarios] [           main] org.springframework.test.context.cache   : Spring test ApplicationContext cache statistics: [DefaultContextCache@32dcfeea size = 2, maxSize = 32, parentContextCount = 0, hitCount = 43, missCount = 2, failureCount = 0]
2024-04-23T21:05:30.790-04:00 DEBUG 6056 --- [usuarios] [           main] org.springframework.test.context.cache   : Spring test ApplicationContext cache statistics: [DefaultContextCache@32dcfeea size = 2, maxSize = 32, parentContextCount = 0, hitCount = 44, missCount = 2, failureCount = 0]
2024-04-23T21:05:30.790-04:00 DEBUG 6056 --- [usuarios] [           main] org.springframework.test.context.cache   : Spring test ApplicationContext cache statistics: [DefaultContextCache@32dcfeea size = 2, maxSize = 32, parentContextCount = 0, hitCount = 45, missCount = 2, failureCount = 0]
2024-04-23T21:05:30.791-04:00 DEBUG 6056 --- [usuarios] [           main] org.springframework.test.context.cache   : Spring test ApplicationContext cache statistics: [DefaultContextCache@32dcfeea size = 2, maxSize = 32, parentContextCount = 0, hitCount = 46, missCount = 2, failureCount = 0]
2024-04-23T21:05:30.791-04:00 DEBUG 6056 --- [usuarios] [           main] org.springframework.test.context.cache   : Spring test ApplicationContext cache statistics: [DefaultContextCache@32dcfeea size = 2, maxSize = 32, parentContextCount = 0, hitCount = 47, missCount = 2, failureCount = 0]
2024-04-23T21:05:30.791-04:00 DEBUG 6056 --- [usuarios] [           main] o.s.orm.jpa.JpaTransactionManager        : Initiating transaction rollback
2024-04-23T21:05:30.791-04:00 DEBUG 6056 --- [usuarios] [           main] o.s.orm.jpa.JpaTransactionManager        : Rolling back JPA transaction on EntityManager [SessionImpl(194466032<open>)]
2024-04-23T21:05:30.791-04:00 DEBUG 6056 --- [usuarios] [           main] o.h.e.t.internal.TransactionImpl         : rolling back
2024-04-23T21:05:30.796-04:00 DEBUG 6056 --- [usuarios] [           main] o.s.orm.jpa.JpaTransactionManager        : Closing JPA EntityManager [SessionImpl(194466032<open>)] after transaction
2024-04-23T21:05:30.796-04:00 DEBUG 6056 --- [usuarios] [           main] o.s.t.c.transaction.TransactionContext   : Rolled back transaction (1) for test class [com.gestorusuario.usuarios.repository.PerfilRepositoryTest]; test method [guardarPerfilTest]
2024-04-23T21:05:30.796-04:00 DEBUG 6056 --- [usuarios] [           main] .c.s.DirtiesContextTestExecutionListener : After test method: class [PerfilRepositoryTest], method [guardarPerfilTest], class annotated with @DirtiesContext [false] with mode [null], method annotated with @DirtiesContext [false] with mode [null]
]]></system-out>
  </testcase>
</testsuite>